{"meta": {"format": 3, "version": "7.11.0", "timestamp": "2025-11-04T16:19:31.249890", "branch_coverage": false, "show_contexts": false}, "files": {"src/lionagi_qe/__init__.py": {"executed_lines": [1, 3, 4, 5, 6, 7, 8, 10, 12], "summary": {"covered_lines": 8, "num_statements": 8, "percent_covered": 100.0, "percent_covered_display": "100", "missing_lines": 0, "excluded_lines": 0}, "missing_lines": [], "excluded_lines": [], "functions": {"": {"executed_lines": [1, 3, 4, 5, 6, 7, 8, 10, 12], "summary": {"covered_lines": 8, "num_statements": 8, "percent_covered": 100.0, "percent_covered_display": "100", "missing_lines": 0, "excluded_lines": 0}, "missing_lines": [], "excluded_lines": []}}, "classes": {"": {"executed_lines": [1, 3, 4, 5, 6, 7, 8, 10, 12], "summary": {"covered_lines": 8, "num_statements": 8, "percent_covered": 100.0, "percent_covered_display": "100", "missing_lines": 0, "excluded_lines": 0}, "missing_lines": [], "excluded_lines": []}}}, "src/lionagi_qe/agents/__init__.py": {"executed_lines": [1, 4, 5, 6, 7, 8, 9, 12, 13, 16, 17, 18, 22, 23, 24, 25, 28, 29, 30, 32], "summary": {"covered_lines": 19, "num_statements": 19, "percent_covered": 100.0, "percent_covered_display": "100", "missing_lines": 0, "excluded_lines": 0}, "missing_lines": [], "excluded_lines": [], "functions": {"": {"executed_lines": [1, 4, 5, 6, 7, 8, 9, 12, 13, 16, 17, 18, 22, 23, 24, 25, 28, 29, 30, 32], "summary": {"covered_lines": 19, "num_statements": 19, "percent_covered": 100.0, "percent_covered_display": "100", "missing_lines": 0, "excluded_lines": 0}, "missing_lines": [], "excluded_lines": []}}, "classes": {"": {"executed_lines": [1, 4, 5, 6, 7, 8, 9, 12, 13, 16, 17, 18, 22, 23, 24, 25, 28, 29, 30, 32], "summary": {"covered_lines": 19, "num_statements": 19, "percent_covered": 100.0, "percent_covered_display": "100", "missing_lines": 0, "excluded_lines": 0}, "missing_lines": [], "excluded_lines": []}}}, "src/lionagi_qe/agents/api_contract_validator.py": {"executed_lines": [1, 17, 18, 19, 26, 27, 28, 29, 30, 31, 34, 35, 36, 37, 38, 41, 42, 43, 50, 51, 52, 53, 54, 55, 56, 57, 58, 59, 60, 63, 64, 65, 69, 70, 71, 72, 73, 74, 77, 78, 79, 80, 81, 82, 83, 84, 87, 88, 89, 90, 91, 92, 93, 94, 95, 98, 99, 100, 101, 102, 103, 104, 107, 108, 109, 110, 111, 112, 113, 114, 115, 118, 119, 120, 121, 122, 123, 124, 125, 128, 129, 130, 131, 132, 133, 134, 135, 136, 137, 140, 141, 142, 143, 144, 145, 146, 147, 154, 333, 334, 337, 338, 352, 354, 356, 371, 372, 373, 374, 375, 376, 379, 385, 419, 425, 426, 432, 438, 440, 447], "summary": {"covered_lines": 107, "num_statements": 108, "percent_covered": 99.07407407407408, "percent_covered_display": "99", "missing_lines": 1, "excluded_lines": 0}, "missing_lines": [485], "excluded_lines": [], "functions": {"APIContractValidatorAgent.get_system_prompt": {"executed_lines": [354], "summary": {"covered_lines": 1, "num_statements": 1, "percent_covered": 100.0, "percent_covered_display": "100", "missing_lines": 0, "excluded_lines": 0}, "missing_lines": [], "excluded_lines": []}, "APIContractValidatorAgent.execute": {"executed_lines": [371, 372, 373, 374, 375, 376, 379, 385, 419, 425, 426, 432, 438, 440], "summary": {"covered_lines": 14, "num_statements": 14, "percent_covered": 100.0, "percent_covered_display": "100", "missing_lines": 0, "excluded_lines": 0}, "missing_lines": [], "excluded_lines": []}, "execute": {"executed_lines": [], "summary": {"covered_lines": 0, "num_statements": 1, "percent_covered": 0.0, "percent_covered_display": "0", "missing_lines": 1, "excluded_lines": 0}, "missing_lines": [485], "excluded_lines": []}, "": {"executed_lines": [1, 17, 18, 19, 26, 27, 28, 29, 30, 31, 34, 35, 36, 37, 38, 41, 42, 43, 50, 51, 52, 53, 54, 55, 56, 57, 58, 59, 60, 63, 64, 65, 69, 70, 71, 72, 73, 74, 77, 78, 79, 80, 81, 82, 83, 84, 87, 88, 89, 90, 91, 92, 93, 94, 95, 98, 99, 100, 101, 102, 103, 104, 107, 108, 109, 110, 111, 112, 113, 114, 115, 118, 119, 120, 121, 122, 123, 124, 125, 128, 129, 130, 131, 132, 133, 134, 135, 136, 137, 140, 141, 142, 143, 144, 145, 146, 147, 154, 333, 334, 337, 338, 352, 356, 447], "summary": {"covered_lines": 92, "num_statements": 92, "percent_covered": 100.0, "percent_covered_display": "100", "missing_lines": 0, "excluded_lines": 0}, "missing_lines": [], "excluded_lines": []}}, "classes": {"ValidationError": {"executed_lines": [], "summary": {"covered_lines": 0, "num_statements": 0, "percent_covered": 100.0, "percent_covered_display": "100", "missing_lines": 0, "excluded_lines": 0}, "missing_lines": [], "excluded_lines": []}, "SchemaValidationResult": {"executed_lines": [], "summary": {"covered_lines": 0, "num_statements": 0, "percent_covered": 100.0, "percent_covered_display": "100", "missing_lines": 0, "excluded_lines": 0}, "missing_lines": [], "excluded_lines": []}, "BreakingChange": {"executed_lines": [], "summary": {"covered_lines": 0, "num_statements": 0, "percent_covered": 100.0, "percent_covered_display": "100", "missing_lines": 0, "excluded_lines": 0}, "missing_lines": [], "excluded_lines": []}, "NonBreakingChange": {"executed_lines": [], "summary": {"covered_lines": 0, "num_statements": 0, "percent_covered": 100.0, "percent_covered_display": "100", "missing_lines": 0, "excluded_lines": 0}, "missing_lines": [], "excluded_lines": []}, "BreakingChangeReport": {"executed_lines": [], "summary": {"covered_lines": 0, "num_statements": 0, "percent_covered": 100.0, "percent_covered_display": "100", "missing_lines": 0, "excluded_lines": 0}, "missing_lines": [], "excluded_lines": []}, "VersionBump": {"executed_lines": [], "summary": {"covered_lines": 0, "num_statements": 0, "percent_covered": 100.0, "percent_covered_display": "100", "missing_lines": 0, "excluded_lines": 0}, "missing_lines": [], "excluded_lines": []}, "AffectedEndpoint": {"executed_lines": [], "summary": {"covered_lines": 0, "num_statements": 0, "percent_covered": 100.0, "percent_covered_display": "100", "missing_lines": 0, "excluded_lines": 0}, "missing_lines": [], "excluded_lines": []}, "ConsumerImpact": {"executed_lines": [], "summary": {"covered_lines": 0, "num_statements": 0, "percent_covered": 100.0, "percent_covered_display": "100", "missing_lines": 0, "excluded_lines": 0}, "missing_lines": [], "excluded_lines": []}, "ConsumerImpactAnalysis": {"executed_lines": [], "summary": {"covered_lines": 0, "num_statements": 0, "percent_covered": 100.0, "percent_covered_display": "100", "missing_lines": 0, "excluded_lines": 0}, "missing_lines": [], "excluded_lines": []}, "ContractDiff": {"executed_lines": [], "summary": {"covered_lines": 0, "num_statements": 0, "percent_covered": 100.0, "percent_covered_display": "100", "missing_lines": 0, "excluded_lines": 0}, "missing_lines": [], "excluded_lines": []}, "APIContractValidatorResult": {"executed_lines": [], "summary": {"covered_lines": 0, "num_statements": 0, "percent_covered": 100.0, "percent_covered_display": "100", "missing_lines": 0, "excluded_lines": 0}, "missing_lines": [], "excluded_lines": []}, "APIContractValidatorAgent": {"executed_lines": [354, 371, 372, 373, 374, 375, 376, 379, 385, 419, 425, 426, 432, 438, 440], "summary": {"covered_lines": 15, "num_statements": 15, "percent_covered": 100.0, "percent_covered_display": "100", "missing_lines": 0, "excluded_lines": 0}, "missing_lines": [], "excluded_lines": []}, "": {"executed_lines": [1, 17, 18, 19, 26, 27, 28, 29, 30, 31, 34, 35, 36, 37, 38, 41, 42, 43, 50, 51, 52, 53, 54, 55, 56, 57, 58, 59, 60, 63, 64, 65, 69, 70, 71, 72, 73, 74, 77, 78, 79, 80, 81, 82, 83, 84, 87, 88, 89, 90, 91, 92, 93, 94, 95, 98, 99, 100, 101, 102, 103, 104, 107, 108, 109, 110, 111, 112, 113, 114, 115, 118, 119, 120, 121, 122, 123, 124, 125, 128, 129, 130, 131, 132, 133, 134, 135, 136, 137, 140, 141, 142, 143, 144, 145, 146, 147, 154, 333, 334, 337, 338, 352, 356, 447], "summary": {"covered_lines": 92, "num_statements": 93, "percent_covered": 98.9247311827957, "percent_covered_display": "99", "missing_lines": 1, "excluded_lines": 0}, "missing_lines": [485], "excluded_lines": []}}}, "src/lionagi_qe/agents/chaos_engineer.py": {"executed_lines": [1, 3, 4, 5, 6, 9, 10, 12, 16, 17, 18, 19, 24, 25, 27, 28, 29, 30, 31, 32, 35, 36, 38, 39, 40, 41, 42, 43, 46, 47, 49, 50, 51, 52, 53, 54, 55, 56, 57, 60, 61, 62, 63, 64, 65, 68, 73, 74, 93, 94, 176, 191, 193, 194, 195, 196, 197, 198, 199, 200, 203, 206, 209, 286, 293, 304, 305, 318, 319, 321, 322, 323, 325, 327, 328, 330, 331, 332, 333, 335, 337, 351, 365], "summary": {"covered_lines": 77, "num_statements": 80, "percent_covered": 96.25, "percent_covered_display": "96", "missing_lines": 3, "excluded_lines": 0}, "missing_lines": [349, 363, 377], "excluded_lines": [], "functions": {"ChaosEngineerAgent.get_system_prompt": {"executed_lines": [94], "summary": {"covered_lines": 1, "num_statements": 1, "percent_covered": 100.0, "percent_covered_display": "100", "missing_lines": 0, "excluded_lines": 0}, "missing_lines": [], "excluded_lines": []}, "ChaosEngineerAgent.execute": {"executed_lines": [191, 193, 194, 195, 196, 197, 198, 199, 200, 203, 206, 209, 286, 293, 304, 305, 318, 319, 321, 322, 323], "summary": {"covered_lines": 21, "num_statements": 21, "percent_covered": 100.0, "percent_covered_display": "100", "missing_lines": 0, "excluded_lines": 0}, "missing_lines": [], "excluded_lines": []}, "ChaosEngineerAgent._format_steady_state_metrics": {"executed_lines": [327, 328, 330, 331, 332, 333, 335], "summary": {"covered_lines": 7, "num_statements": 7, "percent_covered": 100.0, "percent_covered_display": "100", "missing_lines": 0, "excluded_lines": 0}, "missing_lines": [], "excluded_lines": []}, "ChaosEngineerAgent.validate_experiment_safety": {"executed_lines": [], "summary": {"covered_lines": 0, "num_statements": 1, "percent_covered": 0.0, "percent_covered_display": "0", "missing_lines": 1, "excluded_lines": 0}, "missing_lines": [349], "excluded_lines": []}, "ChaosEngineerAgent.execute_fault_injection": {"executed_lines": [], "summary": {"covered_lines": 0, "num_statements": 1, "percent_covered": 0.0, "percent_covered_display": "0", "missing_lines": 1, "excluded_lines": 0}, "missing_lines": [363], "excluded_lines": []}, "ChaosEngineerAgent.monitor_blast_radius": {"executed_lines": [], "summary": {"covered_lines": 0, "num_statements": 1, "percent_covered": 0.0, "percent_covered_display": "0", "missing_lines": 1, "excluded_lines": 0}, "missing_lines": [377], "excluded_lines": []}, "": {"executed_lines": [1, 3, 4, 5, 6, 9, 10, 12, 16, 17, 18, 19, 24, 25, 27, 28, 29, 30, 31, 32, 35, 36, 38, 39, 40, 41, 42, 43, 46, 47, 49, 50, 51, 52, 53, 54, 55, 56, 57, 60, 61, 62, 63, 64, 65, 68, 73, 74, 93, 176, 325, 337, 351, 365], "summary": {"covered_lines": 48, "num_statements": 48, "percent_covered": 100.0, "percent_covered_display": "100", "missing_lines": 0, "excluded_lines": 0}, "missing_lines": [], "excluded_lines": []}}, "classes": {"FaultInjection": {"executed_lines": [], "summary": {"covered_lines": 0, "num_statements": 0, "percent_covered": 100.0, "percent_covered_display": "100", "missing_lines": 0, "excluded_lines": 0}, "missing_lines": [], "excluded_lines": []}, "BlastRadius": {"executed_lines": [], "summary": {"covered_lines": 0, "num_statements": 0, "percent_covered": 100.0, "percent_covered_display": "100", "missing_lines": 0, "excluded_lines": 0}, "missing_lines": [], "excluded_lines": []}, "SteadyStateMetrics": {"executed_lines": [], "summary": {"covered_lines": 0, "num_statements": 0, "percent_covered": 100.0, "percent_covered_display": "100", "missing_lines": 0, "excluded_lines": 0}, "missing_lines": [], "excluded_lines": []}, "ChaosExperimentResult": {"executed_lines": [], "summary": {"covered_lines": 0, "num_statements": 0, "percent_covered": 100.0, "percent_covered_display": "100", "missing_lines": 0, "excluded_lines": 0}, "missing_lines": [], "excluded_lines": []}, "ChaosEngineerAgent": {"executed_lines": [94, 191, 193, 194, 195, 196, 197, 198, 199, 200, 203, 206, 209, 286, 293, 304, 305, 318, 319, 321, 322, 323, 327, 328, 330, 331, 332, 333, 335], "summary": {"covered_lines": 29, "num_statements": 32, "percent_covered": 90.625, "percent_covered_display": "91", "missing_lines": 3, "excluded_lines": 0}, "missing_lines": [349, 363, 377], "excluded_lines": []}, "": {"executed_lines": [1, 3, 4, 5, 6, 9, 10, 12, 16, 17, 18, 19, 24, 25, 27, 28, 29, 30, 31, 32, 35, 36, 38, 39, 40, 41, 42, 43, 46, 47, 49, 50, 51, 52, 53, 54, 55, 56, 57, 60, 61, 62, 63, 64, 65, 68, 73, 74, 93, 176, 325, 337, 351, 365], "summary": {"covered_lines": 48, "num_statements": 48, "percent_covered": 100.0, "percent_covered_display": "100", "missing_lines": 0, "excluded_lines": 0}, "missing_lines": [], "excluded_lines": []}}}, "src/lionagi_qe/agents/code_complexity.py": {"executed_lines": [1, 3, 4, 5, 6, 9, 10, 12, 13, 14, 17, 18, 19, 20, 21, 24, 25, 27, 28, 29, 30, 31, 32, 35, 36, 38, 39, 40, 43, 44, 47, 48, 66, 128], "summary": {"covered_lines": 29, "num_statements": 43, "percent_covered": 67.44186046511628, "percent_covered_display": "67", "missing_lines": 14, "excluded_lines": 0}, "missing_lines": [67, 140, 141, 142, 147, 150, 156, 225, 237, 241, 247, 253, 254, 264], "excluded_lines": [], "functions": {"CodeComplexityAnalyzerAgent.get_system_prompt": {"executed_lines": [], "summary": {"covered_lines": 0, "num_statements": 1, "percent_covered": 0.0, "percent_covered_display": "0", "missing_lines": 1, "excluded_lines": 0}, "missing_lines": [67], "excluded_lines": []}, "CodeComplexityAnalyzerAgent.execute": {"executed_lines": [], "summary": {"covered_lines": 0, "num_statements": 13, "percent_covered": 0.0, "percent_covered_display": "0", "missing_lines": 13, "excluded_lines": 0}, "missing_lines": [140, 141, 142, 147, 150, 156, 225, 237, 241, 247, 253, 254, 264], "excluded_lines": []}, "": {"executed_lines": [1, 3, 4, 5, 6, 9, 10, 12, 13, 14, 17, 18, 19, 20, 21, 24, 25, 27, 28, 29, 30, 31, 32, 35, 36, 38, 39, 40, 43, 44, 47, 48, 66, 128], "summary": {"covered_lines": 29, "num_statements": 29, "percent_covered": 100.0, "percent_covered_display": "100", "missing_lines": 0, "excluded_lines": 0}, "missing_lines": [], "excluded_lines": []}}, "classes": {"ComplexityIssue": {"executed_lines": [], "summary": {"covered_lines": 0, "num_statements": 0, "percent_covered": 100.0, "percent_covered_display": "100", "missing_lines": 0, "excluded_lines": 0}, "missing_lines": [], "excluded_lines": []}, "RefactoringRecommendation": {"executed_lines": [], "summary": {"covered_lines": 0, "num_statements": 0, "percent_covered": 100.0, "percent_covered_display": "100", "missing_lines": 0, "excluded_lines": 0}, "missing_lines": [], "excluded_lines": []}, "CodeComplexityResult": {"executed_lines": [], "summary": {"covered_lines": 0, "num_statements": 0, "percent_covered": 100.0, "percent_covered_display": "100", "missing_lines": 0, "excluded_lines": 0}, "missing_lines": [], "excluded_lines": []}, "CodeComplexityAnalyzerAgent": {"executed_lines": [], "summary": {"covered_lines": 0, "num_statements": 14, "percent_covered": 0.0, "percent_covered_display": "0", "missing_lines": 14, "excluded_lines": 0}, "missing_lines": [67, 140, 141, 142, 147, 150, 156, 225, 237, 241, 247, 253, 254, 264], "excluded_lines": []}, "": {"executed_lines": [1, 3, 4, 5, 6, 9, 10, 12, 13, 14, 17, 18, 19, 20, 21, 24, 25, 27, 28, 29, 30, 31, 32, 35, 36, 38, 39, 40, 43, 44, 47, 48, 66, 128], "summary": {"covered_lines": 29, "num_statements": 29, "percent_covered": 100.0, "percent_covered_display": "100", "missing_lines": 0, "excluded_lines": 0}, "missing_lines": [], "excluded_lines": []}}}, "src/lionagi_qe/agents/coverage_analyzer.py": {"executed_lines": [1, 3, 4, 5, 6, 9, 10, 12, 13, 14, 15, 16, 17, 20, 25, 26, 28, 29, 30, 31, 32, 33, 34, 37, 40, 41, 44, 45, 56, 57, 101, 115, 116, 117, 118, 119, 120, 123, 128, 133, 184, 194, 207, 208, 219, 229, 230, 242, 244], "summary": {"covered_lines": 45, "num_statements": 45, "percent_covered": 100.0, "percent_covered_display": "100", "missing_lines": 0, "excluded_lines": 0}, "missing_lines": [], "excluded_lines": [], "functions": {"CoverageAnalyzerAgent.get_system_prompt": {"executed_lines": [57], "summary": {"covered_lines": 1, "num_statements": 1, "percent_covered": 100.0, "percent_covered_display": "100", "missing_lines": 0, "excluded_lines": 0}, "missing_lines": [], "excluded_lines": []}, "CoverageAnalyzerAgent.execute": {"executed_lines": [115, 116, 117, 118, 119, 120, 123, 128, 133, 184, 194, 207, 208, 219, 229, 230, 242, 244], "summary": {"covered_lines": 18, "num_statements": 18, "percent_covered": 100.0, "percent_covered_display": "100", "missing_lines": 0, "excluded_lines": 0}, "missing_lines": [], "excluded_lines": []}, "": {"executed_lines": [1, 3, 4, 5, 6, 9, 10, 12, 13, 14, 15, 16, 17, 20, 25, 26, 28, 29, 30, 31, 32, 33, 34, 37, 40, 41, 44, 45, 56, 101], "summary": {"covered_lines": 26, "num_statements": 26, "percent_covered": 100.0, "percent_covered_display": "100", "missing_lines": 0, "excluded_lines": 0}, "missing_lines": [], "excluded_lines": []}}, "classes": {"CoverageGap": {"executed_lines": [], "summary": {"covered_lines": 0, "num_statements": 0, "percent_covered": 100.0, "percent_covered_display": "100", "missing_lines": 0, "excluded_lines": 0}, "missing_lines": [], "excluded_lines": []}, "CoverageAnalysisResult": {"executed_lines": [], "summary": {"covered_lines": 0, "num_statements": 0, "percent_covered": 100.0, "percent_covered_display": "100", "missing_lines": 0, "excluded_lines": 0}, "missing_lines": [], "excluded_lines": []}, "CoverageAnalyzerAgent": {"executed_lines": [57, 115, 116, 117, 118, 119, 120, 123, 128, 133, 184, 194, 207, 208, 219, 229, 230, 242, 244], "summary": {"covered_lines": 19, "num_statements": 19, "percent_covered": 100.0, "percent_covered_display": "100", "missing_lines": 0, "excluded_lines": 0}, "missing_lines": [], "excluded_lines": []}, "": {"executed_lines": [1, 3, 4, 5, 6, 9, 10, 12, 13, 14, 15, 16, 17, 20, 25, 26, 28, 29, 30, 31, 32, 33, 34, 37, 40, 41, 44, 45, 56, 101], "summary": {"covered_lines": 26, "num_statements": 26, "percent_covered": 100.0, "percent_covered_display": "100", "missing_lines": 0, "excluded_lines": 0}, "missing_lines": [], "excluded_lines": []}}}, "src/lionagi_qe/agents/deployment_readiness.py": {"executed_lines": [1, 3, 4, 5, 6, 9, 10, 12, 13, 14, 15, 16, 19, 20, 22, 23, 24, 25, 26, 27, 28, 29, 32, 35, 40, 41, 59, 113, 214, 230, 241, 256, 270], "summary": {"covered_lines": 29, "num_statements": 67, "percent_covered": 43.28358208955224, "percent_covered_display": "43", "missing_lines": 38, "excluded_lines": 0}, "missing_lines": [60, 126, 128, 129, 130, 131, 132, 133, 136, 137, 140, 182, 189, 201, 207, 208, 210, 211, 212, 216, 217, 219, 220, 221, 222, 223, 224, 226, 228, 232, 233, 235, 236, 237, 239, 254, 268, 283], "excluded_lines": [], "functions": {"DeploymentReadinessAgent.get_system_prompt": {"executed_lines": [], "summary": {"covered_lines": 0, "num_statements": 1, "percent_covered": 0.0, "percent_covered_display": "0", "missing_lines": 1, "excluded_lines": 0}, "missing_lines": [60], "excluded_lines": []}, "DeploymentReadinessAgent.execute": {"executed_lines": [], "summary": {"covered_lines": 0, "num_statements": 18, "percent_covered": 0.0, "percent_covered_display": "0", "missing_lines": 18, "excluded_lines": 0}, "missing_lines": [126, 128, 129, 130, 131, 132, 133, 136, 137, 140, 182, 189, 201, 207, 208, 210, 211, 212], "excluded_lines": []}, "DeploymentReadinessAgent._format_quality_signals": {"executed_lines": [], "summary": {"covered_lines": 0, "num_statements": 10, "percent_covered": 0.0, "percent_covered_display": "0", "missing_lines": 10, "excluded_lines": 0}, "missing_lines": [216, 217, 219, 220, 221, 222, 223, 224, 226, 228], "excluded_lines": []}, "DeploymentReadinessAgent._format_deployment_config": {"executed_lines": [], "summary": {"covered_lines": 0, "num_statements": 6, "percent_covered": 0.0, "percent_covered_display": "0", "missing_lines": 6, "excluded_lines": 0}, "missing_lines": [232, 233, 235, 236, 237, 239], "excluded_lines": []}, "DeploymentReadinessAgent.calculate_risk_score": {"executed_lines": [], "summary": {"covered_lines": 0, "num_statements": 1, "percent_covered": 0.0, "percent_covered_display": "0", "missing_lines": 1, "excluded_lines": 0}, "missing_lines": [254], "excluded_lines": []}, "DeploymentReadinessAgent.generate_rollback_plan": {"executed_lines": [], "summary": {"covered_lines": 0, "num_statements": 1, "percent_covered": 0.0, "percent_covered_display": "0", "missing_lines": 1, "excluded_lines": 0}, "missing_lines": [268], "excluded_lines": []}, "DeploymentReadinessAgent.validate_deployment_gates": {"executed_lines": [], "summary": {"covered_lines": 0, "num_statements": 1, "percent_covered": 0.0, "percent_covered_display": "0", "missing_lines": 1, "excluded_lines": 0}, "missing_lines": [283], "excluded_lines": []}, "": {"executed_lines": [1, 3, 4, 5, 6, 9, 10, 12, 13, 14, 15, 16, 19, 20, 22, 23, 24, 25, 26, 27, 28, 29, 32, 35, 40, 41, 59, 113, 214, 230, 241, 256, 270], "summary": {"covered_lines": 29, "num_statements": 29, "percent_covered": 100.0, "percent_covered_display": "100", "missing_lines": 0, "excluded_lines": 0}, "missing_lines": [], "excluded_lines": []}}, "classes": {"RiskScore": {"executed_lines": [], "summary": {"covered_lines": 0, "num_statements": 0, "percent_covered": 100.0, "percent_covered_display": "100", "missing_lines": 0, "excluded_lines": 0}, "missing_lines": [], "excluded_lines": []}, "DeploymentDecision": {"executed_lines": [], "summary": {"covered_lines": 0, "num_statements": 0, "percent_covered": 100.0, "percent_covered_display": "100", "missing_lines": 0, "excluded_lines": 0}, "missing_lines": [], "excluded_lines": []}, "DeploymentReadinessAgent": {"executed_lines": [], "summary": {"covered_lines": 0, "num_statements": 38, "percent_covered": 0.0, "percent_covered_display": "0", "missing_lines": 38, "excluded_lines": 0}, "missing_lines": [60, 126, 128, 129, 130, 131, 132, 133, 136, 137, 140, 182, 189, 201, 207, 208, 210, 211, 212, 216, 217, 219, 220, 221, 222, 223, 224, 226, 228, 232, 233, 235, 236, 237, 239, 254, 268, 283], "excluded_lines": []}, "": {"executed_lines": [1, 3, 4, 5, 6, 9, 10, 12, 13, 14, 15, 16, 19, 20, 22, 23, 24, 25, 26, 27, 28, 29, 32, 35, 40, 41, 59, 113, 214, 230, 241, 256, 270], "summary": {"covered_lines": 29, "num_statements": 29, "percent_covered": 100.0, "percent_covered_display": "100", "missing_lines": 0, "excluded_lines": 0}, "missing_lines": [], "excluded_lines": []}}}, "src/lionagi_qe/agents/flaky_test_hunter.py": {"executed_lines": [1, 17, 18, 19, 26, 27, 28, 29, 30, 33, 34, 35, 36, 37, 40, 41, 42, 46, 47, 48, 49, 52, 53, 54, 55, 56, 57, 58, 61, 62, 63, 64, 65, 66, 69, 70, 71, 72, 73, 74, 75, 76, 77, 78, 79, 80, 81, 82, 83, 84, 85, 86, 87, 90, 91, 92, 93, 94, 97, 98, 99, 100, 101, 102, 103, 104, 105, 106, 109, 110, 111, 112, 113, 114, 115, 116, 119, 120, 121, 122, 123, 124, 125, 126, 127, 128, 131, 132, 133, 134, 135, 136, 139, 140, 141, 142, 143, 144, 147, 148, 149, 150, 151, 152, 153, 156, 157, 158, 159, 160, 161, 162, 165, 166, 167, 168, 169, 172, 173, 174, 175, 176, 177, 180, 181, 182, 183, 184, 185, 186, 187, 194, 420, 421, 424, 425, 440, 444, 589], "summary": {"covered_lines": 120, "num_statements": 144, "percent_covered": 83.33333333333333, "percent_covered_display": "83", "missing_lines": 24, "excluded_lines": 0}, "missing_lines": [442, 459, 460, 461, 462, 463, 464, 467, 473, 479, 485, 536, 542, 548, 554, 555, 561, 567, 568, 569, 570, 577, 582, 626], "excluded_lines": [], "functions": {"FlakyTestHunterAgent.get_system_prompt": {"executed_lines": [], "summary": {"covered_lines": 0, "num_statements": 1, "percent_covered": 0.0, "percent_covered_display": "0", "missing_lines": 1, "excluded_lines": 0}, "missing_lines": [442], "excluded_lines": []}, "FlakyTestHunterAgent.execute": {"executed_lines": [], "summary": {"covered_lines": 0, "num_statements": 22, "percent_covered": 0.0, "percent_covered_display": "0", "missing_lines": 22, "excluded_lines": 0}, "missing_lines": [459, 460, 461, 462, 463, 464, 467, 473, 479, 485, 536, 542, 548, 554, 555, 561, 567, 568, 569, 570, 577, 582], "excluded_lines": []}, "execute": {"executed_lines": [], "summary": {"covered_lines": 0, "num_statements": 1, "percent_covered": 0.0, "percent_covered_display": "0", "missing_lines": 1, "excluded_lines": 0}, "missing_lines": [626], "excluded_lines": []}, "": {"executed_lines": [1, 17, 18, 19, 26, 27, 28, 29, 30, 33, 34, 35, 36, 37, 40, 41, 42, 46, 47, 48, 49, 52, 53, 54, 55, 56, 57, 58, 61, 62, 63, 64, 65, 66, 69, 70, 71, 72, 73, 74, 75, 76, 77, 78, 79, 80, 81, 82, 83, 84, 85, 86, 87, 90, 91, 92, 93, 94, 97, 98, 99, 100, 101, 102, 103, 104, 105, 106, 109, 110, 111, 112, 113, 114, 115, 116, 119, 120, 121, 122, 123, 124, 125, 126, 127, 128, 131, 132, 133, 134, 135, 136, 139, 140, 141, 142, 143, 144, 147, 148, 149, 150, 151, 152, 153, 156, 157, 158, 159, 160, 161, 162, 165, 166, 167, 168, 169, 172, 173, 174, 175, 176, 177, 180, 181, 182, 183, 184, 185, 186, 187, 194, 420, 421, 424, 425, 440, 444, 589], "summary": {"covered_lines": 120, "num_statements": 120, "percent_covered": 100.0, "percent_covered_display": "100", "missing_lines": 0, "excluded_lines": 0}, "missing_lines": [], "excluded_lines": []}}, "classes": {"FailurePattern": {"executed_lines": [], "summary": {"covered_lines": 0, "num_statements": 0, "percent_covered": 100.0, "percent_covered_display": "100", "missing_lines": 0, "excluded_lines": 0}, "missing_lines": [], "excluded_lines": []}, "EnvironmentalFactors": {"executed_lines": [], "summary": {"covered_lines": 0, "num_statements": 0, "percent_covered": 100.0, "percent_covered_display": "100", "missing_lines": 0, "excluded_lines": 0}, "missing_lines": [], "excluded_lines": []}, "RootCause": {"executed_lines": [], "summary": {"covered_lines": 0, "num_statements": 0, "percent_covered": 100.0, "percent_covered_display": "100", "missing_lines": 0, "excluded_lines": 0}, "missing_lines": [], "excluded_lines": []}, "LastFlake": {"executed_lines": [], "summary": {"covered_lines": 0, "num_statements": 0, "percent_covered": 100.0, "percent_covered_display": "100", "missing_lines": 0, "excluded_lines": 0}, "missing_lines": [], "excluded_lines": []}, "SuggestedFix": {"executed_lines": [], "summary": {"covered_lines": 0, "num_statements": 0, "percent_covered": 100.0, "percent_covered_display": "100", "missing_lines": 0, "excluded_lines": 0}, "missing_lines": [], "excluded_lines": []}, "FlakyTest": {"executed_lines": [], "summary": {"covered_lines": 0, "num_statements": 0, "percent_covered": 100.0, "percent_covered_display": "100", "missing_lines": 0, "excluded_lines": 0}, "missing_lines": [], "excluded_lines": []}, "FlakyTestStatistics": {"executed_lines": [], "summary": {"covered_lines": 0, "num_statements": 0, "percent_covered": 100.0, "percent_covered_display": "100", "missing_lines": 0, "excluded_lines": 0}, "missing_lines": [], "excluded_lines": []}, "FlakyDetectionResult": {"executed_lines": [], "summary": {"covered_lines": 0, "num_statements": 0, "percent_covered": 100.0, "percent_covered_display": "100", "missing_lines": 0, "excluded_lines": 0}, "missing_lines": [], "excluded_lines": []}, "StabilizationResult": {"executed_lines": [], "summary": {"covered_lines": 0, "num_statements": 0, "percent_covered": 100.0, "percent_covered_display": "100", "missing_lines": 0, "excluded_lines": 0}, "missing_lines": [], "excluded_lines": []}, "Quarantine": {"executed_lines": [], "summary": {"covered_lines": 0, "num_statements": 0, "percent_covered": 100.0, "percent_covered_display": "100", "missing_lines": 0, "excluded_lines": 0}, "missing_lines": [], "excluded_lines": []}, "QuarantineReviewResult": {"executed_lines": [], "summary": {"covered_lines": 0, "num_statements": 0, "percent_covered": 100.0, "percent_covered_display": "100", "missing_lines": 0, "excluded_lines": 0}, "missing_lines": [], "excluded_lines": []}, "WeeklyTrend": {"executed_lines": [], "summary": {"covered_lines": 0, "num_statements": 0, "percent_covered": 100.0, "percent_covered_display": "100", "missing_lines": 0, "excluded_lines": 0}, "missing_lines": [], "excluded_lines": []}, "TrendAnalysis": {"executed_lines": [], "summary": {"covered_lines": 0, "num_statements": 0, "percent_covered": 100.0, "percent_covered_display": "100", "missing_lines": 0, "excluded_lines": 0}, "missing_lines": [], "excluded_lines": []}, "ReliabilityScoreComponents": {"executed_lines": [], "summary": {"covered_lines": 0, "num_statements": 0, "percent_covered": 100.0, "percent_covered_display": "100", "missing_lines": 0, "excluded_lines": 0}, "missing_lines": [], "excluded_lines": []}, "ReliabilityScore": {"executed_lines": [], "summary": {"covered_lines": 0, "num_statements": 0, "percent_covered": 100.0, "percent_covered_display": "100", "missing_lines": 0, "excluded_lines": 0}, "missing_lines": [], "excluded_lines": []}, "FlakinessPrediction": {"executed_lines": [], "summary": {"covered_lines": 0, "num_statements": 0, "percent_covered": 100.0, "percent_covered_display": "100", "missing_lines": 0, "excluded_lines": 0}, "missing_lines": [], "excluded_lines": []}, "FlakyTestHunterResult": {"executed_lines": [], "summary": {"covered_lines": 0, "num_statements": 0, "percent_covered": 100.0, "percent_covered_display": "100", "missing_lines": 0, "excluded_lines": 0}, "missing_lines": [], "excluded_lines": []}, "FlakyTestHunterAgent": {"executed_lines": [], "summary": {"covered_lines": 0, "num_statements": 23, "percent_covered": 0.0, "percent_covered_display": "0", "missing_lines": 23, "excluded_lines": 0}, "missing_lines": [442, 459, 460, 461, 462, 463, 464, 467, 473, 479, 485, 536, 542, 548, 554, 555, 561, 567, 568, 569, 570, 577, 582], "excluded_lines": []}, "": {"executed_lines": [1, 17, 18, 19, 26, 27, 28, 29, 30, 33, 34, 35, 36, 37, 40, 41, 42, 46, 47, 48, 49, 52, 53, 54, 55, 56, 57, 58, 61, 62, 63, 64, 65, 66, 69, 70, 71, 72, 73, 74, 75, 76, 77, 78, 79, 80, 81, 82, 83, 84, 85, 86, 87, 90, 91, 92, 93, 94, 97, 98, 99, 100, 101, 102, 103, 104, 105, 106, 109, 110, 111, 112, 113, 114, 115, 116, 119, 120, 121, 122, 123, 124, 125, 126, 127, 128, 131, 132, 133, 134, 135, 136, 139, 140, 141, 142, 143, 144, 147, 148, 149, 150, 151, 152, 153, 156, 157, 158, 159, 160, 161, 162, 165, 166, 167, 168, 169, 172, 173, 174, 175, 176, 177, 180, 181, 182, 183, 184, 185, 186, 187, 194, 420, 421, 424, 425, 440, 444, 589], "summary": {"covered_lines": 120, "num_statements": 121, "percent_covered": 99.17355371900827, "percent_covered_display": "99", "missing_lines": 1, "excluded_lines": 0}, "missing_lines": [626], "excluded_lines": []}}}, "src/lionagi_qe/agents/fleet_commander.py": {"executed_lines": [1, 3, 4, 5, 6, 7, 10, 11, 13, 16, 19, 22, 27, 28, 38, 39, 91, 103, 104, 105, 106, 109, 130, 133, 138, 144, 146, 148, 152, 154, 158, 161, 167, 184], "summary": {"covered_lines": 31, "num_statements": 31, "percent_covered": 100.0, "percent_covered_display": "100", "missing_lines": 0, "excluded_lines": 0}, "missing_lines": [], "excluded_lines": [], "functions": {"FleetCommanderAgent.get_system_prompt": {"executed_lines": [39], "summary": {"covered_lines": 1, "num_statements": 1, "percent_covered": 100.0, "percent_covered_display": "100", "missing_lines": 0, "excluded_lines": 0}, "missing_lines": [], "excluded_lines": []}, "FleetCommanderAgent.execute": {"executed_lines": [103, 104, 105, 106, 109, 130, 133, 138, 144, 146, 148, 152, 154, 158, 161, 167, 184], "summary": {"covered_lines": 17, "num_statements": 17, "percent_covered": 100.0, "percent_covered_display": "100", "missing_lines": 0, "excluded_lines": 0}, "missing_lines": [], "excluded_lines": []}, "": {"executed_lines": [1, 3, 4, 5, 6, 7, 10, 11, 13, 16, 19, 22, 27, 28, 38, 91], "summary": {"covered_lines": 13, "num_statements": 13, "percent_covered": 100.0, "percent_covered_display": "100", "missing_lines": 0, "excluded_lines": 0}, "missing_lines": [], "excluded_lines": []}}, "classes": {"TaskDecomposition": {"executed_lines": [], "summary": {"covered_lines": 0, "num_statements": 0, "percent_covered": 100.0, "percent_covered_display": "100", "missing_lines": 0, "excluded_lines": 0}, "missing_lines": [], "excluded_lines": []}, "FleetCommanderAgent": {"executed_lines": [39, 103, 104, 105, 106, 109, 130, 133, 138, 144, 146, 148, 152, 154, 158, 161, 167, 184], "summary": {"covered_lines": 18, "num_statements": 18, "percent_covered": 100.0, "percent_covered_display": "100", "missing_lines": 0, "excluded_lines": 0}, "missing_lines": [], "excluded_lines": []}, "": {"executed_lines": [1, 3, 4, 5, 6, 7, 10, 11, 13, 16, 19, 22, 27, 28, 38, 91], "summary": {"covered_lines": 13, "num_statements": 13, "percent_covered": 100.0, "percent_covered_display": "100", "missing_lines": 0, "excluded_lines": 0}, "missing_lines": [], "excluded_lines": []}}}, "src/lionagi_qe/agents/performance_tester.py": {"executed_lines": [1, 3, 4, 5, 6, 9, 10, 12, 13, 14, 15, 16, 17, 18, 19, 22, 23, 25, 26, 27, 28, 31, 32, 34, 35, 36, 37, 38, 39, 42, 43, 45, 46, 47, 48, 49, 52, 53, 55, 56, 57, 58, 59, 60, 61, 62, 63, 64, 65, 68, 69, 80, 135], "summary": {"covered_lines": 46, "num_statements": 64, "percent_covered": 71.875, "percent_covered_display": "72", "missing_lines": 18, "excluded_lines": 0}, "missing_lines": [81, 150, 151, 152, 153, 154, 155, 156, 159, 165, 171, 174, 219, 233, 234, 246, 247, 257], "excluded_lines": [], "functions": {"PerformanceTesterAgent.get_system_prompt": {"executed_lines": [], "summary": {"covered_lines": 0, "num_statements": 1, "percent_covered": 0.0, "percent_covered_display": "0", "missing_lines": 1, "excluded_lines": 0}, "missing_lines": [81], "excluded_lines": []}, "PerformanceTesterAgent.execute": {"executed_lines": [], "summary": {"covered_lines": 0, "num_statements": 17, "percent_covered": 0.0, "percent_covered_display": "0", "missing_lines": 17, "excluded_lines": 0}, "missing_lines": [150, 151, 152, 153, 154, 155, 156, 159, 165, 171, 174, 219, 233, 234, 246, 247, 257], "excluded_lines": []}, "": {"executed_lines": [1, 3, 4, 5, 6, 9, 10, 12, 13, 14, 15, 16, 17, 18, 19, 22, 23, 25, 26, 27, 28, 31, 32, 34, 35, 36, 37, 38, 39, 42, 43, 45, 46, 47, 48, 49, 52, 53, 55, 56, 57, 58, 59, 60, 61, 62, 63, 64, 65, 68, 69, 80, 135], "summary": {"covered_lines": 46, "num_statements": 46, "percent_covered": 100.0, "percent_covered_display": "100", "missing_lines": 0, "excluded_lines": 0}, "missing_lines": [], "excluded_lines": []}}, "classes": {"PerformanceMetrics": {"executed_lines": [], "summary": {"covered_lines": 0, "num_statements": 0, "percent_covered": 100.0, "percent_covered_display": "100", "missing_lines": 0, "excluded_lines": 0}, "missing_lines": [], "excluded_lines": []}, "PerformanceThreshold": {"executed_lines": [], "summary": {"covered_lines": 0, "num_statements": 0, "percent_covered": 100.0, "percent_covered_display": "100", "missing_lines": 0, "excluded_lines": 0}, "missing_lines": [], "excluded_lines": []}, "PerformanceBottleneck": {"executed_lines": [], "summary": {"covered_lines": 0, "num_statements": 0, "percent_covered": 100.0, "percent_covered_display": "100", "missing_lines": 0, "excluded_lines": 0}, "missing_lines": [], "excluded_lines": []}, "PerformanceRegression": {"executed_lines": [], "summary": {"covered_lines": 0, "num_statements": 0, "percent_covered": 100.0, "percent_covered_display": "100", "missing_lines": 0, "excluded_lines": 0}, "missing_lines": [], "excluded_lines": []}, "PerformanceTestResult": {"executed_lines": [], "summary": {"covered_lines": 0, "num_statements": 0, "percent_covered": 100.0, "percent_covered_display": "100", "missing_lines": 0, "excluded_lines": 0}, "missing_lines": [], "excluded_lines": []}, "PerformanceTesterAgent": {"executed_lines": [], "summary": {"covered_lines": 0, "num_statements": 18, "percent_covered": 0.0, "percent_covered_display": "0", "missing_lines": 18, "excluded_lines": 0}, "missing_lines": [81, 150, 151, 152, 153, 154, 155, 156, 159, 165, 171, 174, 219, 233, 234, 246, 247, 257], "excluded_lines": []}, "": {"executed_lines": [1, 3, 4, 5, 6, 9, 10, 12, 13, 14, 15, 16, 17, 18, 19, 22, 23, 25, 26, 27, 28, 31, 32, 34, 35, 36, 37, 38, 39, 42, 43, 45, 46, 47, 48, 49, 52, 53, 55, 56, 57, 58, 59, 60, 61, 62, 63, 64, 65, 68, 69, 80, 135], "summary": {"covered_lines": 46, "num_statements": 46, "percent_covered": 100.0, "percent_covered_display": "100", "missing_lines": 0, "excluded_lines": 0}, "missing_lines": [], "excluded_lines": []}}}, "src/lionagi_qe/agents/production_intelligence.py": {"executed_lines": [1, 3, 4, 5, 6, 9, 10, 12, 13, 14, 15, 16, 17, 18, 19, 20, 23, 24, 26, 27, 28, 29, 30, 33, 34, 36, 37, 38, 39, 40, 41, 42, 45, 46, 48, 49, 50, 51, 52, 53, 56, 57, 59, 63, 64, 65, 66, 67, 68, 69, 70, 71, 74, 75, 77, 78, 79, 80, 81, 85, 91, 92, 94, 95, 96, 97, 98, 99, 100, 101, 104, 105, 107, 108, 109, 110, 111, 112, 116, 117, 118, 121, 122, 124, 125, 126, 127, 128, 129, 130, 131, 132, 136, 137, 143, 144, 146, 147, 148, 149, 150, 151, 155, 159, 160, 161, 162, 163, 164, 165, 169, 175, 176, 188, 271, 465, 500, 528], "summary": {"covered_lines": 106, "num_statements": 139, "percent_covered": 76.2589928057554, "percent_covered_display": "76", "missing_lines": 33, "excluded_lines": 0}, "missing_lines": [189, 286, 287, 288, 289, 290, 291, 292, 295, 298, 303, 420, 427, 435, 443, 451, 452, 463, 477, 481, 482, 484, 497, 498, 512, 525, 526, 534, 538, 543, 548, 553, 558], "excluded_lines": [], "functions": {"ProductionIntelligenceAgent.get_system_prompt": {"executed_lines": [], "summary": {"covered_lines": 0, "num_statements": 1, "percent_covered": 0.0, "percent_covered_display": "0", "missing_lines": 1, "excluded_lines": 0}, "missing_lines": [189], "excluded_lines": []}, "ProductionIntelligenceAgent.execute": {"executed_lines": [], "summary": {"covered_lines": 0, "num_statements": 17, "percent_covered": 0.0, "percent_covered_display": "0", "missing_lines": 17, "excluded_lines": 0}, "missing_lines": [286, 287, 288, 289, 290, 291, 292, 295, 298, 303, 420, 427, 435, 443, 451, 452, 463], "excluded_lines": []}, "ProductionIntelligenceAgent.replay_incident": {"executed_lines": [], "summary": {"covered_lines": 0, "num_statements": 6, "percent_covered": 0.0, "percent_covered_display": "0", "missing_lines": 6, "excluded_lines": 0}, "missing_lines": [477, 481, 482, 484, 497, 498], "excluded_lines": []}, "ProductionIntelligenceAgent.analyze_feature_usage": {"executed_lines": [], "summary": {"covered_lines": 0, "num_statements": 3, "percent_covered": 0.0, "percent_covered_display": "0", "missing_lines": 3, "excluded_lines": 0}, "missing_lines": [512, 525, 526], "excluded_lines": []}, "ProductionIntelligenceAgent.get_production_feedback_loop_status": {"executed_lines": [], "summary": {"covered_lines": 0, "num_statements": 6, "percent_covered": 0.0, "percent_covered_display": "0", "missing_lines": 6, "excluded_lines": 0}, "missing_lines": [534, 538, 543, 548, 553, 558], "excluded_lines": []}, "": {"executed_lines": [1, 3, 4, 5, 6, 9, 10, 12, 13, 14, 15, 16, 17, 18, 19, 20, 23, 24, 26, 27, 28, 29, 30, 33, 34, 36, 37, 38, 39, 40, 41, 42, 45, 46, 48, 49, 50, 51, 52, 53, 56, 57, 59, 63, 64, 65, 66, 67, 68, 69, 70, 71, 74, 75, 77, 78, 79, 80, 81, 85, 91, 92, 94, 95, 96, 97, 98, 99, 100, 101, 104, 105, 107, 108, 109, 110, 111, 112, 116, 117, 118, 121, 122, 124, 125, 126, 127, 128, 129, 130, 131, 132, 136, 137, 143, 144, 146, 147, 148, 149, 150, 151, 155, 159, 160, 161, 162, 163, 164, 165, 169, 175, 176, 188, 271, 465, 500, 528], "summary": {"covered_lines": 106, "num_statements": 106, "percent_covered": 100.0, "percent_covered_display": "100", "missing_lines": 0, "excluded_lines": 0}, "missing_lines": [], "excluded_lines": []}}, "classes": {"IncidentContext": {"executed_lines": [], "summary": {"covered_lines": 0, "num_statements": 0, "percent_covered": 100.0, "percent_covered_display": "100", "missing_lines": 0, "excluded_lines": 0}, "missing_lines": [], "excluded_lines": []}, "SystemState": {"executed_lines": [], "summary": {"covered_lines": 0, "num_statements": 0, "percent_covered": 100.0, "percent_covered_display": "100", "missing_lines": 0, "excluded_lines": 0}, "missing_lines": [], "excluded_lines": []}, "UserJourney": {"executed_lines": [], "summary": {"covered_lines": 0, "num_statements": 0, "percent_covered": 100.0, "percent_covered_display": "100", "missing_lines": 0, "excluded_lines": 0}, "missing_lines": [], "excluded_lines": []}, "RUMMetrics": {"executed_lines": [], "summary": {"covered_lines": 0, "num_statements": 0, "percent_covered": 100.0, "percent_covered_display": "100", "missing_lines": 0, "excluded_lines": 0}, "missing_lines": [], "excluded_lines": []}, "Anomaly": {"executed_lines": [], "summary": {"covered_lines": 0, "num_statements": 0, "percent_covered": 100.0, "percent_covered_display": "100", "missing_lines": 0, "excluded_lines": 0}, "missing_lines": [], "excluded_lines": []}, "LoadPattern": {"executed_lines": [], "summary": {"covered_lines": 0, "num_statements": 0, "percent_covered": 100.0, "percent_covered_display": "100", "missing_lines": 0, "excluded_lines": 0}, "missing_lines": [], "excluded_lines": []}, "ErrorPattern": {"executed_lines": [], "summary": {"covered_lines": 0, "num_statements": 0, "percent_covered": 100.0, "percent_covered_display": "100", "missing_lines": 0, "excluded_lines": 0}, "missing_lines": [], "excluded_lines": []}, "FeatureUsage": {"executed_lines": [], "summary": {"covered_lines": 0, "num_statements": 0, "percent_covered": 100.0, "percent_covered_display": "100", "missing_lines": 0, "excluded_lines": 0}, "missing_lines": [], "excluded_lines": []}, "GeneratedTestScenario": {"executed_lines": [], "summary": {"covered_lines": 0, "num_statements": 0, "percent_covered": 100.0, "percent_covered_display": "100", "missing_lines": 0, "excluded_lines": 0}, "missing_lines": [], "excluded_lines": []}, "ProductionIntelligenceResult": {"executed_lines": [], "summary": {"covered_lines": 0, "num_statements": 0, "percent_covered": 100.0, "percent_covered_display": "100", "missing_lines": 0, "excluded_lines": 0}, "missing_lines": [], "excluded_lines": []}, "ProductionIntelligenceAgent": {"executed_lines": [], "summary": {"covered_lines": 0, "num_statements": 33, "percent_covered": 0.0, "percent_covered_display": "0", "missing_lines": 33, "excluded_lines": 0}, "missing_lines": [189, 286, 287, 288, 289, 290, 291, 292, 295, 298, 303, 420, 427, 435, 443, 451, 452, 463, 477, 481, 482, 484, 497, 498, 512, 525, 526, 534, 538, 543, 548, 553, 558], "excluded_lines": []}, "": {"executed_lines": [1, 3, 4, 5, 6, 9, 10, 12, 13, 14, 15, 16, 17, 18, 19, 20, 23, 24, 26, 27, 28, 29, 30, 33, 34, 36, 37, 38, 39, 40, 41, 42, 45, 46, 48, 49, 50, 51, 52, 53, 56, 57, 59, 63, 64, 65, 66, 67, 68, 69, 70, 71, 74, 75, 77, 78, 79, 80, 81, 85, 91, 92, 94, 95, 96, 97, 98, 99, 100, 101, 104, 105, 107, 108, 109, 110, 111, 112, 116, 117, 118, 121, 122, 124, 125, 126, 127, 128, 129, 130, 131, 132, 136, 137, 143, 144, 146, 147, 148, 149, 150, 151, 155, 159, 160, 161, 162, 163, 164, 165, 169, 175, 176, 188, 271, 465, 500, 528], "summary": {"covered_lines": 106, "num_statements": 106, "percent_covered": 100.0, "percent_covered_display": "100", "missing_lines": 0, "excluded_lines": 0}, "missing_lines": [], "excluded_lines": []}}}, "src/lionagi_qe/agents/quality_analyzer.py": {"executed_lines": [1, 3, 4, 5, 6, 9, 10, 12, 13, 14, 15, 16, 17, 20, 21, 23, 24, 25, 26, 27, 30, 35, 36, 38, 39, 40, 43, 46, 51, 52, 54, 55, 56, 59, 64, 65, 67, 68, 69, 70, 71, 72, 75, 78, 81, 84, 87, 88, 101, 102, 179, 194, 195, 196, 197, 198, 199, 200, 203, 208, 213, 310, 322, 323, 331, 337, 338, 348, 360, 362], "summary": {"covered_lines": 63, "num_statements": 64, "percent_covered": 98.4375, "percent_covered_display": "98", "missing_lines": 1, "excluded_lines": 0}, "missing_lines": [349], "excluded_lines": [], "functions": {"QualityAnalyzerAgent.get_system_prompt": {"executed_lines": [102], "summary": {"covered_lines": 1, "num_statements": 1, "percent_covered": 100.0, "percent_covered_display": "100", "missing_lines": 0, "excluded_lines": 0}, "missing_lines": [], "excluded_lines": []}, "QualityAnalyzerAgent.execute": {"executed_lines": [194, 195, 196, 197, 198, 199, 200, 203, 208, 213, 310, 322, 323, 331, 337, 338, 348, 360, 362], "summary": {"covered_lines": 19, "num_statements": 20, "percent_covered": 95.0, "percent_covered_display": "95", "missing_lines": 1, "excluded_lines": 0}, "missing_lines": [349], "excluded_lines": []}, "": {"executed_lines": [1, 3, 4, 5, 6, 9, 10, 12, 13, 14, 15, 16, 17, 20, 21, 23, 24, 25, 26, 27, 30, 35, 36, 38, 39, 40, 43, 46, 51, 52, 54, 55, 56, 59, 64, 65, 67, 68, 69, 70, 71, 72, 75, 78, 81, 84, 87, 88, 101, 179], "summary": {"covered_lines": 43, "num_statements": 43, "percent_covered": 100.0, "percent_covered_display": "100", "missing_lines": 0, "excluded_lines": 0}, "missing_lines": [], "excluded_lines": []}}, "classes": {"CodeQualityMetrics": {"executed_lines": [], "summary": {"covered_lines": 0, "num_statements": 0, "percent_covered": 100.0, "percent_covered_display": "100", "missing_lines": 0, "excluded_lines": 0}, "missing_lines": [], "excluded_lines": []}, "TestQualityMetrics": {"executed_lines": [], "summary": {"covered_lines": 0, "num_statements": 0, "percent_covered": 100.0, "percent_covered_display": "100", "missing_lines": 0, "excluded_lines": 0}, "missing_lines": [], "excluded_lines": []}, "TechnicalDebt": {"executed_lines": [], "summary": {"covered_lines": 0, "num_statements": 0, "percent_covered": 100.0, "percent_covered_display": "100", "missing_lines": 0, "excluded_lines": 0}, "missing_lines": [], "excluded_lines": []}, "QualityTrend": {"executed_lines": [], "summary": {"covered_lines": 0, "num_statements": 0, "percent_covered": 100.0, "percent_covered_display": "100", "missing_lines": 0, "excluded_lines": 0}, "missing_lines": [], "excluded_lines": []}, "QualityAnalysisResult": {"executed_lines": [], "summary": {"covered_lines": 0, "num_statements": 0, "percent_covered": 100.0, "percent_covered_display": "100", "missing_lines": 0, "excluded_lines": 0}, "missing_lines": [], "excluded_lines": []}, "QualityAnalyzerAgent": {"executed_lines": [102, 194, 195, 196, 197, 198, 199, 200, 203, 208, 213, 310, 322, 323, 331, 337, 338, 348, 360, 362], "summary": {"covered_lines": 20, "num_statements": 21, "percent_covered": 95.23809523809524, "percent_covered_display": "95", "missing_lines": 1, "excluded_lines": 0}, "missing_lines": [349], "excluded_lines": []}, "": {"executed_lines": [1, 3, 4, 5, 6, 9, 10, 12, 13, 14, 15, 16, 17, 20, 21, 23, 24, 25, 26, 27, 30, 35, 36, 38, 39, 40, 43, 46, 51, 52, 54, 55, 56, 59, 64, 65, 67, 68, 69, 70, 71, 72, 75, 78, 81, 84, 87, 88, 101, 179], "summary": {"covered_lines": 43, "num_statements": 43, "percent_covered": 100.0, "percent_covered_display": "100", "missing_lines": 0, "excluded_lines": 0}, "missing_lines": [], "excluded_lines": []}}}, "src/lionagi_qe/agents/quality_gate.py": {"executed_lines": [1, 3, 4, 5, 6, 9, 10, 12, 13, 14, 15, 16, 17, 18, 23, 24, 26, 27, 28, 29, 30, 31, 32, 33, 38, 39, 41, 42, 43, 44, 47, 48, 51, 54, 57, 60, 61, 64, 65, 78, 79, 156, 171, 172, 173, 174, 175, 176, 177, 180, 185, 190, 195, 282, 295, 308, 309, 321, 323], "summary": {"covered_lines": 54, "num_statements": 54, "percent_covered": 100.0, "percent_covered_display": "100", "missing_lines": 0, "excluded_lines": 0}, "missing_lines": [], "excluded_lines": [], "functions": {"QualityGateAgent.get_system_prompt": {"executed_lines": [79], "summary": {"covered_lines": 1, "num_statements": 1, "percent_covered": 100.0, "percent_covered_display": "100", "missing_lines": 0, "excluded_lines": 0}, "missing_lines": [], "excluded_lines": []}, "QualityGateAgent.execute": {"executed_lines": [171, 172, 173, 174, 175, 176, 177, 180, 185, 190, 195, 282, 295, 308, 309, 321, 323], "summary": {"covered_lines": 17, "num_statements": 17, "percent_covered": 100.0, "percent_covered_display": "100", "missing_lines": 0, "excluded_lines": 0}, "missing_lines": [], "excluded_lines": []}, "": {"executed_lines": [1, 3, 4, 5, 6, 9, 10, 12, 13, 14, 15, 16, 17, 18, 23, 24, 26, 27, 28, 29, 30, 31, 32, 33, 38, 39, 41, 42, 43, 44, 47, 48, 51, 54, 57, 60, 61, 64, 65, 78, 156], "summary": {"covered_lines": 36, "num_statements": 36, "percent_covered": 100.0, "percent_covered_display": "100", "missing_lines": 0, "excluded_lines": 0}, "missing_lines": [], "excluded_lines": []}}, "classes": {"PolicyViolation": {"executed_lines": [], "summary": {"covered_lines": 0, "num_statements": 0, "percent_covered": 100.0, "percent_covered_display": "100", "missing_lines": 0, "excluded_lines": 0}, "missing_lines": [], "excluded_lines": []}, "RiskAssessment": {"executed_lines": [], "summary": {"covered_lines": 0, "num_statements": 0, "percent_covered": 100.0, "percent_covered_display": "100", "missing_lines": 0, "excluded_lines": 0}, "missing_lines": [], "excluded_lines": []}, "QualityGateDecision": {"executed_lines": [], "summary": {"covered_lines": 0, "num_statements": 0, "percent_covered": 100.0, "percent_covered_display": "100", "missing_lines": 0, "excluded_lines": 0}, "missing_lines": [], "excluded_lines": []}, "QualityGateAgent": {"executed_lines": [79, 171, 172, 173, 174, 175, 176, 177, 180, 185, 190, 195, 282, 295, 308, 309, 321, 323], "summary": {"covered_lines": 18, "num_statements": 18, "percent_covered": 100.0, "percent_covered_display": "100", "missing_lines": 0, "excluded_lines": 0}, "missing_lines": [], "excluded_lines": []}, "": {"executed_lines": [1, 3, 4, 5, 6, 9, 10, 12, 13, 14, 15, 16, 17, 18, 23, 24, 26, 27, 28, 29, 30, 31, 32, 33, 38, 39, 41, 42, 43, 44, 47, 48, 51, 54, 57, 60, 61, 64, 65, 78, 156], "summary": {"covered_lines": 36, "num_statements": 36, "percent_covered": 100.0, "percent_covered_display": "100", "missing_lines": 0, "excluded_lines": 0}, "missing_lines": [], "excluded_lines": []}}}, "src/lionagi_qe/agents/regression_risk_analyzer.py": {"executed_lines": [1, 17, 18, 19, 26, 27, 28, 29, 30, 31, 32, 33, 36, 37, 38, 39, 40, 41, 44, 45, 46, 47, 48, 51, 52, 53, 54, 55, 56, 57, 58, 59, 60, 61, 62, 63, 66, 67, 68, 69, 70, 71, 72, 75, 76, 77, 78, 79, 80, 81, 82, 83, 86, 87, 88, 89, 90, 91, 92, 93, 94, 97, 98, 99, 100, 101, 102, 103, 106, 107, 108, 109, 110, 111, 112, 113, 116, 117, 118, 119, 122, 123, 124, 125, 126, 127, 128, 131, 132, 133, 134, 135, 136, 137, 138, 139, 142, 143, 144, 145, 148, 149, 150, 151, 152, 153, 154, 161, 277, 278, 281, 282, 297, 301, 415], "summary": {"covered_lines": 99, "num_statements": 117, "percent_covered": 84.61538461538461, "percent_covered_display": "85", "missing_lines": 18, "excluded_lines": 0}, "missing_lines": [299, 316, 317, 318, 319, 320, 321, 324, 330, 336, 377, 383, 391, 397, 398, 403, 408, 448], "excluded_lines": [], "functions": {"RegressionRiskAnalyzerAgent.get_system_prompt": {"executed_lines": [], "summary": {"covered_lines": 0, "num_statements": 1, "percent_covered": 0.0, "percent_covered_display": "0", "missing_lines": 1, "excluded_lines": 0}, "missing_lines": [299], "excluded_lines": []}, "RegressionRiskAnalyzerAgent.execute": {"executed_lines": [], "summary": {"covered_lines": 0, "num_statements": 16, "percent_covered": 0.0, "percent_covered_display": "0", "missing_lines": 16, "excluded_lines": 0}, "missing_lines": [316, 317, 318, 319, 320, 321, 324, 330, 336, 377, 383, 391, 397, 398, 403, 408], "excluded_lines": []}, "execute": {"executed_lines": [], "summary": {"covered_lines": 0, "num_statements": 1, "percent_covered": 0.0, "percent_covered_display": "0", "missing_lines": 1, "excluded_lines": 0}, "missing_lines": [448], "excluded_lines": []}, "": {"executed_lines": [1, 17, 18, 19, 26, 27, 28, 29, 30, 31, 32, 33, 36, 37, 38, 39, 40, 41, 44, 45, 46, 47, 48, 51, 52, 53, 54, 55, 56, 57, 58, 59, 60, 61, 62, 63, 66, 67, 68, 69, 70, 71, 72, 75, 76, 77, 78, 79, 80, 81, 82, 83, 86, 87, 88, 89, 90, 91, 92, 93, 94, 97, 98, 99, 100, 101, 102, 103, 106, 107, 108, 109, 110, 111, 112, 113, 116, 117, 118, 119, 122, 123, 124, 125, 126, 127, 128, 131, 132, 133, 134, 135, 136, 137, 138, 139, 142, 143, 144, 145, 148, 149, 150, 151, 152, 153, 154, 161, 277, 278, 281, 282, 297, 301, 415], "summary": {"covered_lines": 99, "num_statements": 99, "percent_covered": 100.0, "percent_covered_display": "100", "missing_lines": 0, "excluded_lines": 0}, "missing_lines": [], "excluded_lines": []}}, "classes": {"ChangedFile": {"executed_lines": [], "summary": {"covered_lines": 0, "num_statements": 0, "percent_covered": 100.0, "percent_covered_display": "100", "missing_lines": 0, "excluded_lines": 0}, "missing_lines": [], "excluded_lines": []}, "BlastRadius": {"executed_lines": [], "summary": {"covered_lines": 0, "num_statements": 0, "percent_covered": 100.0, "percent_covered_display": "100", "missing_lines": 0, "excluded_lines": 0}, "missing_lines": [], "excluded_lines": []}, "TestImpact": {"executed_lines": [], "summary": {"covered_lines": 0, "num_statements": 0, "percent_covered": 100.0, "percent_covered_display": "100", "missing_lines": 0, "excluded_lines": 0}, "missing_lines": [], "excluded_lines": []}, "ChangeImpactAnalysis": {"executed_lines": [], "summary": {"covered_lines": 0, "num_statements": 0, "percent_covered": 100.0, "percent_covered_display": "100", "missing_lines": 0, "excluded_lines": 0}, "missing_lines": [], "excluded_lines": []}, "SelectedTest": {"executed_lines": [], "summary": {"covered_lines": 0, "num_statements": 0, "percent_covered": 100.0, "percent_covered_display": "100", "missing_lines": 0, "excluded_lines": 0}, "missing_lines": [], "excluded_lines": []}, "TestSelection": {"executed_lines": [], "summary": {"covered_lines": 0, "num_statements": 0, "percent_covered": 100.0, "percent_covered_display": "100", "missing_lines": 0, "excluded_lines": 0}, "missing_lines": [], "excluded_lines": []}, "TestSelectionResult": {"executed_lines": [], "summary": {"covered_lines": 0, "num_statements": 0, "percent_covered": 100.0, "percent_covered_display": "100", "missing_lines": 0, "excluded_lines": 0}, "missing_lines": [], "excluded_lines": []}, "RiskFactor": {"executed_lines": [], "summary": {"covered_lines": 0, "num_statements": 0, "percent_covered": 100.0, "percent_covered_display": "100", "missing_lines": 0, "excluded_lines": 0}, "missing_lines": [], "excluded_lines": []}, "RiskHeatMapModule": {"executed_lines": [], "summary": {"covered_lines": 0, "num_statements": 0, "percent_covered": 100.0, "percent_covered_display": "100", "missing_lines": 0, "excluded_lines": 0}, "missing_lines": [], "excluded_lines": []}, "RiskHeatMap": {"executed_lines": [], "summary": {"covered_lines": 0, "num_statements": 0, "percent_covered": 100.0, "percent_covered_display": "100", "missing_lines": 0, "excluded_lines": 0}, "missing_lines": [], "excluded_lines": []}, "HistoricalPattern": {"executed_lines": [], "summary": {"covered_lines": 0, "num_statements": 0, "percent_covered": 100.0, "percent_covered_display": "100", "missing_lines": 0, "excluded_lines": 0}, "missing_lines": [], "excluded_lines": []}, "ModelMetrics": {"executed_lines": [], "summary": {"covered_lines": 0, "num_statements": 0, "percent_covered": 100.0, "percent_covered_display": "100", "missing_lines": 0, "excluded_lines": 0}, "missing_lines": [], "excluded_lines": []}, "HistoricalPatternLearning": {"executed_lines": [], "summary": {"covered_lines": 0, "num_statements": 0, "percent_covered": 100.0, "percent_covered_display": "100", "missing_lines": 0, "excluded_lines": 0}, "missing_lines": [], "excluded_lines": []}, "RegressionRiskAnalyzerResult": {"executed_lines": [], "summary": {"covered_lines": 0, "num_statements": 0, "percent_covered": 100.0, "percent_covered_display": "100", "missing_lines": 0, "excluded_lines": 0}, "missing_lines": [], "excluded_lines": []}, "RegressionRiskAnalyzerAgent": {"executed_lines": [], "summary": {"covered_lines": 0, "num_statements": 17, "percent_covered": 0.0, "percent_covered_display": "0", "missing_lines": 17, "excluded_lines": 0}, "missing_lines": [299, 316, 317, 318, 319, 320, 321, 324, 330, 336, 377, 383, 391, 397, 398, 403, 408], "excluded_lines": []}, "": {"executed_lines": [1, 17, 18, 19, 26, 27, 28, 29, 30, 31, 32, 33, 36, 37, 38, 39, 40, 41, 44, 45, 46, 47, 48, 51, 52, 53, 54, 55, 56, 57, 58, 59, 60, 61, 62, 63, 66, 67, 68, 69, 70, 71, 72, 75, 76, 77, 78, 79, 80, 81, 82, 83, 86, 87, 88, 89, 90, 91, 92, 93, 94, 97, 98, 99, 100, 101, 102, 103, 106, 107, 108, 109, 110, 111, 112, 113, 116, 117, 118, 119, 122, 123, 124, 125, 126, 127, 128, 131, 132, 133, 134, 135, 136, 137, 138, 139, 142, 143, 144, 145, 148, 149, 150, 151, 152, 153, 154, 161, 277, 278, 281, 282, 297, 301, 415], "summary": {"covered_lines": 99, "num_statements": 100, "percent_covered": 99.0, "percent_covered_display": "99", "missing_lines": 1, "excluded_lines": 0}, "missing_lines": [448], "excluded_lines": []}}}, "src/lionagi_qe/agents/requirements_validator.py": {"executed_lines": [1, 3, 4, 5, 6, 9, 10, 12, 13, 14, 15, 18, 19, 21, 22, 23, 24, 25, 26, 27, 30, 31, 33, 34, 35, 36, 37, 38, 39, 40, 41, 44, 45, 47, 48, 49, 50, 51, 52, 55, 56, 58, 59, 60, 61, 62, 63, 64, 67, 68, 70, 71, 72, 73, 76, 77, 79, 80, 81, 82, 86, 87, 88, 89, 90, 91, 92, 93, 94, 97, 98, 110, 184, 349, 378, 400], "summary": {"covered_lines": 67, "num_statements": 101, "percent_covered": 66.33663366336634, "percent_covered_display": "66", "missing_lines": 34, "excluded_lines": 0}, "missing_lines": [111, 197, 198, 199, 200, 201, 204, 207, 212, 313, 320, 327, 335, 336, 347, 361, 362, 363, 373, 374, 376, 390, 391, 392, 395, 396, 398, 406, 410, 414, 418, 423, 430, 437], "excluded_lines": [], "functions": {"RequirementsValidatorAgent.get_system_prompt": {"executed_lines": [], "summary": {"covered_lines": 0, "num_statements": 1, "percent_covered": 0.0, "percent_covered_display": "0", "missing_lines": 1, "excluded_lines": 0}, "missing_lines": [111], "excluded_lines": []}, "RequirementsValidatorAgent.execute": {"executed_lines": [], "summary": {"covered_lines": 0, "num_statements": 14, "percent_covered": 0.0, "percent_covered_display": "0", "missing_lines": 14, "excluded_lines": 0}, "missing_lines": [197, 198, 199, 200, 201, 204, 207, 212, 313, 320, 327, 335, 336, 347], "excluded_lines": []}, "RequirementsValidatorAgent.batch_validate": {"executed_lines": [], "summary": {"covered_lines": 0, "num_statements": 6, "percent_covered": 0.0, "percent_covered_display": "0", "missing_lines": 6, "excluded_lines": 0}, "missing_lines": [361, 362, 363, 373, 374, 376], "excluded_lines": []}, "RequirementsValidatorAgent.generate_traceability_matrix": {"executed_lines": [], "summary": {"covered_lines": 0, "num_statements": 6, "percent_covered": 0.0, "percent_covered_display": "0", "missing_lines": 6, "excluded_lines": 0}, "missing_lines": [390, 391, 392, 395, 396, 398], "excluded_lines": []}, "RequirementsValidatorAgent.get_validation_status": {"executed_lines": [], "summary": {"covered_lines": 0, "num_statements": 7, "percent_covered": 0.0, "percent_covered_display": "0", "missing_lines": 7, "excluded_lines": 0}, "missing_lines": [406, 410, 414, 418, 423, 430, 437], "excluded_lines": []}, "": {"executed_lines": [1, 3, 4, 5, 6, 9, 10, 12, 13, 14, 15, 18, 19, 21, 22, 23, 24, 25, 26, 27, 30, 31, 33, 34, 35, 36, 37, 38, 39, 40, 41, 44, 45, 47, 48, 49, 50, 51, 52, 55, 56, 58, 59, 60, 61, 62, 63, 64, 67, 68, 70, 71, 72, 73, 76, 77, 79, 80, 81, 82, 86, 87, 88, 89, 90, 91, 92, 93, 94, 97, 98, 110, 184, 349, 378, 400], "summary": {"covered_lines": 67, "num_statements": 67, "percent_covered": 100.0, "percent_covered_display": "100", "missing_lines": 0, "excluded_lines": 0}, "missing_lines": [], "excluded_lines": []}}, "classes": {"RequirementIssue": {"executed_lines": [], "summary": {"covered_lines": 0, "num_statements": 0, "percent_covered": 100.0, "percent_covered_display": "100", "missing_lines": 0, "excluded_lines": 0}, "missing_lines": [], "excluded_lines": []}, "BDDScenario": {"executed_lines": [], "summary": {"covered_lines": 0, "num_statements": 0, "percent_covered": 100.0, "percent_covered_display": "100", "missing_lines": 0, "excluded_lines": 0}, "missing_lines": [], "excluded_lines": []}, "AcceptanceCriteria": {"executed_lines": [], "summary": {"covered_lines": 0, "num_statements": 0, "percent_covered": 100.0, "percent_covered_display": "100", "missing_lines": 0, "excluded_lines": 0}, "missing_lines": [], "excluded_lines": []}, "RiskAssessment": {"executed_lines": [], "summary": {"covered_lines": 0, "num_statements": 0, "percent_covered": 100.0, "percent_covered_display": "100", "missing_lines": 0, "excluded_lines": 0}, "missing_lines": [], "excluded_lines": []}, "TraceabilityLink": {"executed_lines": [], "summary": {"covered_lines": 0, "num_statements": 0, "percent_covered": 100.0, "percent_covered_display": "100", "missing_lines": 0, "excluded_lines": 0}, "missing_lines": [], "excluded_lines": []}, "EdgeCase": {"executed_lines": [], "summary": {"covered_lines": 0, "num_statements": 0, "percent_covered": 100.0, "percent_covered_display": "100", "missing_lines": 0, "excluded_lines": 0}, "missing_lines": [], "excluded_lines": []}, "RequirementValidationResult": {"executed_lines": [], "summary": {"covered_lines": 0, "num_statements": 0, "percent_covered": 100.0, "percent_covered_display": "100", "missing_lines": 0, "excluded_lines": 0}, "missing_lines": [], "excluded_lines": []}, "RequirementsValidatorAgent": {"executed_lines": [], "summary": {"covered_lines": 0, "num_statements": 34, "percent_covered": 0.0, "percent_covered_display": "0", "missing_lines": 34, "excluded_lines": 0}, "missing_lines": [111, 197, 198, 199, 200, 201, 204, 207, 212, 313, 320, 327, 335, 336, 347, 361, 362, 363, 373, 374, 376, 390, 391, 392, 395, 396, 398, 406, 410, 414, 418, 423, 430, 437], "excluded_lines": []}, "": {"executed_lines": [1, 3, 4, 5, 6, 9, 10, 12, 13, 14, 15, 18, 19, 21, 22, 23, 24, 25, 26, 27, 30, 31, 33, 34, 35, 36, 37, 38, 39, 40, 41, 44, 45, 47, 48, 49, 50, 51, 52, 55, 56, 58, 59, 60, 61, 62, 63, 64, 67, 68, 70, 71, 72, 73, 76, 77, 79, 80, 81, 82, 86, 87, 88, 89, 90, 91, 92, 93, 94, 97, 98, 110, 184, 349, 378, 400], "summary": {"covered_lines": 67, "num_statements": 67, "percent_covered": 100.0, "percent_covered_display": "100", "missing_lines": 0, "excluded_lines": 0}, "missing_lines": [], "excluded_lines": []}}}, "src/lionagi_qe/agents/security_scanner.py": {"executed_lines": [1, 3, 4, 5, 6, 9, 10, 12, 13, 14, 15, 16, 17, 18, 19, 20, 21, 22, 23, 24, 27, 28, 30, 31, 32, 33, 34, 37, 38, 40, 41, 42, 43, 44, 48, 51, 52, 54, 55, 56, 57, 58, 62, 66, 67, 68, 69, 70, 71, 72, 73, 74, 77, 78, 90, 164], "summary": {"covered_lines": 50, "num_statements": 68, "percent_covered": 73.52941176470588, "percent_covered_display": "74", "missing_lines": 18, "excluded_lines": 0}, "missing_lines": [91, 178, 179, 180, 181, 182, 183, 186, 192, 195, 201, 207, 284, 299, 312, 327, 328, 344], "excluded_lines": [], "functions": {"SecurityScannerAgent.get_system_prompt": {"executed_lines": [], "summary": {"covered_lines": 0, "num_statements": 1, "percent_covered": 0.0, "percent_covered_display": "0", "missing_lines": 1, "excluded_lines": 0}, "missing_lines": [91], "excluded_lines": []}, "SecurityScannerAgent.execute": {"executed_lines": [], "summary": {"covered_lines": 0, "num_statements": 17, "percent_covered": 0.0, "percent_covered_display": "0", "missing_lines": 17, "excluded_lines": 0}, "missing_lines": [178, 179, 180, 181, 182, 183, 186, 192, 195, 201, 207, 284, 299, 312, 327, 328, 344], "excluded_lines": []}, "": {"executed_lines": [1, 3, 4, 5, 6, 9, 10, 12, 13, 14, 15, 16, 17, 18, 19, 20, 21, 22, 23, 24, 27, 28, 30, 31, 32, 33, 34, 37, 38, 40, 41, 42, 43, 44, 48, 51, 52, 54, 55, 56, 57, 58, 62, 66, 67, 68, 69, 70, 71, 72, 73, 74, 77, 78, 90, 164], "summary": {"covered_lines": 50, "num_statements": 50, "percent_covered": 100.0, "percent_covered_display": "100", "missing_lines": 0, "excluded_lines": 0}, "missing_lines": [], "excluded_lines": []}}, "classes": {"SecurityVulnerability": {"executed_lines": [], "summary": {"covered_lines": 0, "num_statements": 0, "percent_covered": 100.0, "percent_covered_display": "100", "missing_lines": 0, "excluded_lines": 0}, "missing_lines": [], "excluded_lines": []}, "ComplianceResult": {"executed_lines": [], "summary": {"covered_lines": 0, "num_statements": 0, "percent_covered": 100.0, "percent_covered_display": "100", "missing_lines": 0, "excluded_lines": 0}, "missing_lines": [], "excluded_lines": []}, "SecurityPolicy": {"executed_lines": [], "summary": {"covered_lines": 0, "num_statements": 0, "percent_covered": 100.0, "percent_covered_display": "100", "missing_lines": 0, "excluded_lines": 0}, "missing_lines": [], "excluded_lines": []}, "SecurityScanResult": {"executed_lines": [], "summary": {"covered_lines": 0, "num_statements": 0, "percent_covered": 100.0, "percent_covered_display": "100", "missing_lines": 0, "excluded_lines": 0}, "missing_lines": [], "excluded_lines": []}, "SecurityScannerAgent": {"executed_lines": [], "summary": {"covered_lines": 0, "num_statements": 18, "percent_covered": 0.0, "percent_covered_display": "0", "missing_lines": 18, "excluded_lines": 0}, "missing_lines": [91, 178, 179, 180, 181, 182, 183, 186, 192, 195, 201, 207, 284, 299, 312, 327, 328, 344], "excluded_lines": []}, "": {"executed_lines": [1, 3, 4, 5, 6, 9, 10, 12, 13, 14, 15, 16, 17, 18, 19, 20, 21, 22, 23, 24, 27, 28, 30, 31, 32, 33, 34, 37, 38, 40, 41, 42, 43, 44, 48, 51, 52, 54, 55, 56, 57, 58, 62, 66, 67, 68, 69, 70, 71, 72, 73, 74, 77, 78, 90, 164], "summary": {"covered_lines": 50, "num_statements": 50, "percent_covered": 100.0, "percent_covered_display": "100", "missing_lines": 0, "excluded_lines": 0}, "missing_lines": [], "excluded_lines": []}}}, "src/lionagi_qe/agents/test_data_architect.py": {"executed_lines": [1, 17, 18, 19, 26, 27, 28, 29, 30, 31, 32, 33, 34, 37, 38, 39, 40, 41, 42, 43, 46, 47, 48, 49, 50, 51, 52, 55, 56, 57, 58, 59, 60, 63, 64, 65, 66, 69, 70, 71, 72, 73, 74, 75, 78, 79, 80, 81, 82, 86, 89, 90, 91, 92, 93, 96, 97, 98, 99, 103, 106, 107, 108, 109, 110, 111, 112, 115, 116, 117, 118, 119, 120, 121, 124, 125, 126, 127, 128, 129, 132, 133, 134, 135, 136, 137, 138, 139, 140, 141, 144, 145, 146, 147, 148, 149, 150, 151, 152, 159, 297, 298, 301, 302, 317, 321, 439], "summary": {"covered_lines": 91, "num_statements": 112, "percent_covered": 81.25, "percent_covered_display": "81", "missing_lines": 21, "excluded_lines": 0}, "missing_lines": [319, 337, 338, 339, 340, 341, 342, 343, 346, 352, 358, 399, 405, 411, 417, 418, 419, 425, 427, 432, 475], "excluded_lines": [], "functions": {"TestDataArchitectAgent.get_system_prompt": {"executed_lines": [], "summary": {"covered_lines": 0, "num_statements": 1, "percent_covered": 0.0, "percent_covered_display": "0", "missing_lines": 1, "excluded_lines": 0}, "missing_lines": [319], "excluded_lines": []}, "TestDataArchitectAgent.execute": {"executed_lines": [], "summary": {"covered_lines": 0, "num_statements": 19, "percent_covered": 0.0, "percent_covered_display": "0", "missing_lines": 19, "excluded_lines": 0}, "missing_lines": [337, 338, 339, 340, 341, 342, 343, 346, 352, 358, 399, 405, 411, 417, 418, 419, 425, 427, 432], "excluded_lines": []}, "execute": {"executed_lines": [], "summary": {"covered_lines": 0, "num_statements": 1, "percent_covered": 0.0, "percent_covered_display": "0", "missing_lines": 1, "excluded_lines": 0}, "missing_lines": [475], "excluded_lines": []}, "": {"executed_lines": [1, 17, 18, 19, 26, 27, 28, 29, 30, 31, 32, 33, 34, 37, 38, 39, 40, 41, 42, 43, 46, 47, 48, 49, 50, 51, 52, 55, 56, 57, 58, 59, 60, 63, 64, 65, 66, 69, 70, 71, 72, 73, 74, 75, 78, 79, 80, 81, 82, 86, 89, 90, 91, 92, 93, 96, 97, 98, 99, 103, 106, 107, 108, 109, 110, 111, 112, 115, 116, 117, 118, 119, 120, 121, 124, 125, 126, 127, 128, 129, 132, 133, 134, 135, 136, 137, 138, 139, 140, 141, 144, 145, 146, 147, 148, 149, 150, 151, 152, 159, 297, 298, 301, 302, 317, 321, 439], "summary": {"covered_lines": 91, "num_statements": 91, "percent_covered": 100.0, "percent_covered_display": "100", "missing_lines": 0, "excluded_lines": 0}, "missing_lines": [], "excluded_lines": []}}, "classes": {"FieldSchema": {"executed_lines": [], "summary": {"covered_lines": 0, "num_statements": 0, "percent_covered": 100.0, "percent_covered_display": "100", "missing_lines": 0, "excluded_lines": 0}, "missing_lines": [], "excluded_lines": []}, "EntitySchema": {"executed_lines": [], "summary": {"covered_lines": 0, "num_statements": 0, "percent_covered": 100.0, "percent_covered_display": "100", "missing_lines": 0, "excluded_lines": 0}, "missing_lines": [], "excluded_lines": []}, "Relationship": {"executed_lines": [], "summary": {"covered_lines": 0, "num_statements": 0, "percent_covered": 100.0, "percent_covered_display": "100", "missing_lines": 0, "excluded_lines": 0}, "missing_lines": [], "excluded_lines": []}, "SchemaAnalysis": {"executed_lines": [], "summary": {"covered_lines": 0, "num_statements": 0, "percent_covered": 100.0, "percent_covered_display": "100", "missing_lines": 0, "excluded_lines": 0}, "missing_lines": [], "excluded_lines": []}, "GeneratedRecord": {"executed_lines": [], "summary": {"covered_lines": 0, "num_statements": 0, "percent_covered": 100.0, "percent_covered_display": "100", "missing_lines": 0, "excluded_lines": 0}, "missing_lines": [], "excluded_lines": []}, "GeneratedDataset": {"executed_lines": [], "summary": {"covered_lines": 0, "num_statements": 0, "percent_covered": 100.0, "percent_covered_display": "100", "missing_lines": 0, "excluded_lines": 0}, "missing_lines": [], "excluded_lines": []}, "EdgeCase": {"executed_lines": [], "summary": {"covered_lines": 0, "num_statements": 0, "percent_covered": 100.0, "percent_covered_display": "100", "missing_lines": 0, "excluded_lines": 0}, "missing_lines": [], "excluded_lines": []}, "EdgeCaseDataset": {"executed_lines": [], "summary": {"covered_lines": 0, "num_statements": 0, "percent_covered": 100.0, "percent_covered_display": "100", "missing_lines": 0, "excluded_lines": 0}, "missing_lines": [], "excluded_lines": []}, "AnonymizationStrategy": {"executed_lines": [], "summary": {"covered_lines": 0, "num_statements": 0, "percent_covered": 100.0, "percent_covered_display": "100", "missing_lines": 0, "excluded_lines": 0}, "missing_lines": [], "excluded_lines": []}, "AnonymizationResult": {"executed_lines": [], "summary": {"covered_lines": 0, "num_statements": 0, "percent_covered": 100.0, "percent_covered_display": "100", "missing_lines": 0, "excluded_lines": 0}, "missing_lines": [], "excluded_lines": []}, "ConstraintViolation": {"executed_lines": [], "summary": {"covered_lines": 0, "num_statements": 0, "percent_covered": 100.0, "percent_covered_display": "100", "missing_lines": 0, "excluded_lines": 0}, "missing_lines": [], "excluded_lines": []}, "ConstraintValidationResult": {"executed_lines": [], "summary": {"covered_lines": 0, "num_statements": 0, "percent_covered": 100.0, "percent_covered_display": "100", "missing_lines": 0, "excluded_lines": 0}, "missing_lines": [], "excluded_lines": []}, "DataVersion": {"executed_lines": [], "summary": {"covered_lines": 0, "num_statements": 0, "percent_covered": 100.0, "percent_covered_display": "100", "missing_lines": 0, "excluded_lines": 0}, "missing_lines": [], "excluded_lines": []}, "TestDataArchitectResult": {"executed_lines": [], "summary": {"covered_lines": 0, "num_statements": 0, "percent_covered": 100.0, "percent_covered_display": "100", "missing_lines": 0, "excluded_lines": 0}, "missing_lines": [], "excluded_lines": []}, "TestDataArchitectAgent": {"executed_lines": [], "summary": {"covered_lines": 0, "num_statements": 20, "percent_covered": 0.0, "percent_covered_display": "0", "missing_lines": 20, "excluded_lines": 0}, "missing_lines": [319, 337, 338, 339, 340, 341, 342, 343, 346, 352, 358, 399, 405, 411, 417, 418, 419, 425, 427, 432], "excluded_lines": []}, "": {"executed_lines": [1, 17, 18, 19, 26, 27, 28, 29, 30, 31, 32, 33, 34, 37, 38, 39, 40, 41, 42, 43, 46, 47, 48, 49, 50, 51, 52, 55, 56, 57, 58, 59, 60, 63, 64, 65, 66, 69, 70, 71, 72, 73, 74, 75, 78, 79, 80, 81, 82, 86, 89, 90, 91, 92, 93, 96, 97, 98, 99, 103, 106, 107, 108, 109, 110, 111, 112, 115, 116, 117, 118, 119, 120, 121, 124, 125, 126, 127, 128, 129, 132, 133, 134, 135, 136, 137, 138, 139, 140, 141, 144, 145, 146, 147, 148, 149, 150, 151, 152, 159, 297, 298, 301, 302, 317, 321, 439], "summary": {"covered_lines": 91, "num_statements": 92, "percent_covered": 98.91304347826087, "percent_covered_display": "99", "missing_lines": 1, "excluded_lines": 0}, "missing_lines": [475], "excluded_lines": []}}}, "src/lionagi_qe/agents/test_executor.py": {"executed_lines": [1, 3, 4, 5, 6, 9, 10, 12, 13, 14, 15, 16, 17, 18, 21, 22, 25, 26, 36, 37, 67, 80, 81, 82, 83, 84, 87, 92, 118, 121, 122, 131], "summary": {"covered_lines": 29, "num_statements": 29, "percent_covered": 100.0, "percent_covered_display": "100", "missing_lines": 0, "excluded_lines": 0}, "missing_lines": [], "excluded_lines": [], "functions": {"TestExecutorAgent.get_system_prompt": {"executed_lines": [37], "summary": {"covered_lines": 1, "num_statements": 1, "percent_covered": 100.0, "percent_covered_display": "100", "missing_lines": 0, "excluded_lines": 0}, "missing_lines": [], "excluded_lines": []}, "TestExecutorAgent.execute": {"executed_lines": [80, 81, 82, 83, 84, 87, 92, 118, 121, 122, 131], "summary": {"covered_lines": 11, "num_statements": 11, "percent_covered": 100.0, "percent_covered_display": "100", "missing_lines": 0, "excluded_lines": 0}, "missing_lines": [], "excluded_lines": []}, "": {"executed_lines": [1, 3, 4, 5, 6, 9, 10, 12, 13, 14, 15, 16, 17, 18, 21, 22, 25, 26, 36, 67], "summary": {"covered_lines": 17, "num_statements": 17, "percent_covered": 100.0, "percent_covered_display": "100", "missing_lines": 0, "excluded_lines": 0}, "missing_lines": [], "excluded_lines": []}}, "classes": {"TestExecutionResult": {"executed_lines": [], "summary": {"covered_lines": 0, "num_statements": 0, "percent_covered": 100.0, "percent_covered_display": "100", "missing_lines": 0, "excluded_lines": 0}, "missing_lines": [], "excluded_lines": []}, "TestExecutorAgent": {"executed_lines": [37, 80, 81, 82, 83, 84, 87, 92, 118, 121, 122, 131], "summary": {"covered_lines": 12, "num_statements": 12, "percent_covered": 100.0, "percent_covered_display": "100", "missing_lines": 0, "excluded_lines": 0}, "missing_lines": [], "excluded_lines": []}, "": {"executed_lines": [1, 3, 4, 5, 6, 9, 10, 12, 13, 14, 15, 16, 17, 18, 21, 22, 25, 26, 36, 67], "summary": {"covered_lines": 17, "num_statements": 17, "percent_covered": 100.0, "percent_covered_display": "100", "missing_lines": 0, "excluded_lines": 0}, "missing_lines": [], "excluded_lines": []}}}, "src/lionagi_qe/agents/test_generator.py": {"executed_lines": [1, 3, 4, 5, 6, 9, 10, 12, 13, 14, 15, 16, 17, 18, 21, 26, 27, 37, 38, 67, 80, 81, 82, 83, 84, 87, 90, 119, 120, 130], "summary": {"covered_lines": 27, "num_statements": 27, "percent_covered": 100.0, "percent_covered_display": "100", "missing_lines": 0, "excluded_lines": 0}, "missing_lines": [], "excluded_lines": [], "functions": {"TestGeneratorAgent.get_system_prompt": {"executed_lines": [38], "summary": {"covered_lines": 1, "num_statements": 1, "percent_covered": 100.0, "percent_covered_display": "100", "missing_lines": 0, "excluded_lines": 0}, "missing_lines": [], "excluded_lines": []}, "TestGeneratorAgent.execute": {"executed_lines": [80, 81, 82, 83, 84, 87, 90, 119, 120, 130], "summary": {"covered_lines": 10, "num_statements": 10, "percent_covered": 100.0, "percent_covered_display": "100", "missing_lines": 0, "excluded_lines": 0}, "missing_lines": [], "excluded_lines": []}, "": {"executed_lines": [1, 3, 4, 5, 6, 9, 10, 12, 13, 14, 15, 16, 17, 18, 21, 26, 27, 37, 67], "summary": {"covered_lines": 16, "num_statements": 16, "percent_covered": 100.0, "percent_covered_display": "100", "missing_lines": 0, "excluded_lines": 0}, "missing_lines": [], "excluded_lines": []}}, "classes": {"GeneratedTest": {"executed_lines": [], "summary": {"covered_lines": 0, "num_statements": 0, "percent_covered": 100.0, "percent_covered_display": "100", "missing_lines": 0, "excluded_lines": 0}, "missing_lines": [], "excluded_lines": []}, "TestGeneratorAgent": {"executed_lines": [38, 80, 81, 82, 83, 84, 87, 90, 119, 120, 130], "summary": {"covered_lines": 11, "num_statements": 11, "percent_covered": 100.0, "percent_covered_display": "100", "missing_lines": 0, "excluded_lines": 0}, "missing_lines": [], "excluded_lines": []}, "": {"executed_lines": [1, 3, 4, 5, 6, 9, 10, 12, 13, 14, 15, 16, 17, 18, 21, 26, 27, 37, 67], "summary": {"covered_lines": 16, "num_statements": 16, "percent_covered": 100.0, "percent_covered_display": "100", "missing_lines": 0, "excluded_lines": 0}, "missing_lines": [], "excluded_lines": []}}}, "src/lionagi_qe/agents/visual_tester.py": {"executed_lines": [1, 3, 4, 5, 6, 9, 10, 12, 13, 14, 15, 16, 20, 21, 22, 25, 26, 27, 28, 31, 32, 34, 35, 36, 37, 38, 39, 40, 41, 44, 45, 47, 48, 49, 50, 51, 52, 53, 54, 57, 60, 63, 68, 69, 88, 159, 272, 286, 302, 321], "summary": {"covered_lines": 45, "num_statements": 80, "percent_covered": 56.25, "percent_covered_display": "56", "missing_lines": 35, "excluded_lines": 0}, "missing_lines": [89, 174, 176, 177, 178, 179, 180, 181, 182, 185, 188, 193, 196, 243, 250, 251, 258, 259, 265, 266, 268, 269, 270, 274, 275, 277, 278, 279, 280, 281, 282, 284, 300, 319, 334], "excluded_lines": [], "functions": {"VisualTesterAgent.get_system_prompt": {"executed_lines": [], "summary": {"covered_lines": 0, "num_statements": 1, "percent_covered": 0.0, "percent_covered_display": "0", "missing_lines": 1, "excluded_lines": 0}, "missing_lines": [89], "excluded_lines": []}, "VisualTesterAgent.execute": {"executed_lines": [], "summary": {"covered_lines": 0, "num_statements": 22, "percent_covered": 0.0, "percent_covered_display": "0", "missing_lines": 22, "excluded_lines": 0}, "missing_lines": [174, 176, 177, 178, 179, 180, 181, 182, 185, 188, 193, 196, 243, 250, 251, 258, 259, 265, 266, 268, 269, 270], "excluded_lines": []}, "VisualTesterAgent._format_pages": {"executed_lines": [], "summary": {"covered_lines": 0, "num_statements": 9, "percent_covered": 0.0, "percent_covered_display": "0", "missing_lines": 9, "excluded_lines": 0}, "missing_lines": [274, 275, 277, 278, 279, 280, 281, 282, 284], "excluded_lines": []}, "VisualTesterAgent.capture_baselines": {"executed_lines": [], "summary": {"covered_lines": 0, "num_statements": 1, "percent_covered": 0.0, "percent_covered_display": "0", "missing_lines": 1, "excluded_lines": 0}, "missing_lines": [300], "excluded_lines": []}, "VisualTesterAgent.compare_screenshots": {"executed_lines": [], "summary": {"covered_lines": 0, "num_statements": 1, "percent_covered": 0.0, "percent_covered_display": "0", "missing_lines": 1, "excluded_lines": 0}, "missing_lines": [319], "excluded_lines": []}, "VisualTesterAgent.validate_accessibility": {"executed_lines": [], "summary": {"covered_lines": 0, "num_statements": 1, "percent_covered": 0.0, "percent_covered_display": "0", "missing_lines": 1, "excluded_lines": 0}, "missing_lines": [334], "excluded_lines": []}, "": {"executed_lines": [1, 3, 4, 5, 6, 9, 10, 12, 13, 14, 15, 16, 20, 21, 22, 25, 26, 27, 28, 31, 32, 34, 35, 36, 37, 38, 39, 40, 41, 44, 45, 47, 48, 49, 50, 51, 52, 53, 54, 57, 60, 63, 68, 69, 88, 159, 272, 286, 302, 321], "summary": {"covered_lines": 45, "num_statements": 45, "percent_covered": 100.0, "percent_covered_display": "100", "missing_lines": 0, "excluded_lines": 0}, "missing_lines": [], "excluded_lines": []}}, "classes": {"VisualRegression": {"executed_lines": [], "summary": {"covered_lines": 0, "num_statements": 0, "percent_covered": 100.0, "percent_covered_display": "100", "missing_lines": 0, "excluded_lines": 0}, "missing_lines": [], "excluded_lines": []}, "AccessibilityViolation": {"executed_lines": [], "summary": {"covered_lines": 0, "num_statements": 0, "percent_covered": 100.0, "percent_covered_display": "100", "missing_lines": 0, "excluded_lines": 0}, "missing_lines": [], "excluded_lines": []}, "VisualTestResult": {"executed_lines": [], "summary": {"covered_lines": 0, "num_state
[...]
]}, "QEOrchestrator.execute_hierarchical": {"executed_lines": [308, 309, 310, 312, 321, 322], "summary": {"covered_lines": 6, "num_statements": 6, "percent_covered": 100.0, "percent_covered_display": "100", "missing_lines": 0, "excluded_lines": 0}, "missing_lines": [], "excluded_lines": []}, "QEOrchestrator.get_fleet_status": {"executed_lines": [330, 332, 333, 335, 337], "summary": {"covered_lines": 5, "num_statements": 5, "percent_covered": 100.0, "percent_covered_display": "100", "missing_lines": 0, "excluded_lines": 0}, "missing_lines": [], "excluded_lines": []}, "": {"executed_lines": [1, 3, 4, 5, 6, 7, 8, 9, 12, 13, 23, 56, 65, 76, 118, 169, 220, 288, 324], "summary": {"covered_lines": 17, "num_statements": 17, "percent_covered": 100.0, "percent_covered_display": "100", "missing_lines": 0, "excluded_lines": 0}, "missing_lines": [], "excluded_lines": []}}, "classes": {"QEOrchestrator": {"executed_lines": [36, 37, 38, 41, 44, 47, 50, 62, 63, 74, 90, 91, 92, 94, 96, 99, 102, 105, 108, 110, 112, 114, 115, 116, 140, 142, 143, 146, 147, 148, 149, 152, 159, 162, 164, 165, 167, 193, 195, 197, 210, 211, 216, 218, 241, 243, 248, 249, 253, 265, 268, 274, 282, 308, 309, 310, 312, 321, 322, 330, 332, 333, 335, 337], "summary": {"covered_lines": 64, "num_statements": 70, "percent_covered": 91.42857142857143, "percent_covered_display": "91", "missing_lines": 6, "excluded_lines": 0}, "missing_lines": [198, 199, 200, 202, 207, 250], "excluded_lines": []}, "": {"executed_lines": [1, 3, 4, 5, 6, 7, 8, 9, 12, 13, 23, 56, 65, 76, 118, 169, 220, 288, 324], "summary": {"covered_lines": 17, "num_statements": 17, "percent_covered": 100.0, "percent_covered_display": "100", "missing_lines": 0, "excluded_lines": 0}, "missing_lines": [], "excluded_lines": []}}}, "src/lionagi_qe/core/router.py": {"executed_lines": [1, 3, 4, 5, 8, 9, 11, 14, 15, 18, 23, 24, 33, 34, 37, 58, 66, 72, 84, 121, 135, 138, 141, 142, 147, 150, 153, 154, 157, 158, 161, 162, 163, 165, 167, 169, 171, 173, 174, 175, 177], "summary": {"covered_lines": 38, "num_statements": 42, "percent_covered": 90.47619047619048, "percent_covered_display": "90", "missing_lines": 4, "excluded_lines": 0}, "missing_lines": [98, 100, 113, 119], "excluded_lines": [], "functions": {"ModelRouter.__init__": {"executed_lines": [34, 37, 58, 66, 72], "summary": {"covered_lines": 5, "num_statements": 5, "percent_covered": 100.0, "percent_covered_display": "100", "missing_lines": 0, "excluded_lines": 0}, "missing_lines": [], "excluded_lines": []}, "ModelRouter.analyze_complexity": {"executed_lines": [], "summary": {"covered_lines": 0, "num_statements": 4, "percent_covered": 0.0, "percent_covered_display": "0", "missing_lines": 4, "excluded_lines": 0}, "missing_lines": [98, 100, 113, 119], "excluded_lines": []}, "ModelRouter.route": {"executed_lines": [135, 138, 141, 142, 147, 150, 153, 154, 157, 158, 161, 162, 163, 165], "summary": {"covered_lines": 14, "num_statements": 14, "percent_covered": 100.0, "percent_covered_display": "100", "missing_lines": 0, "excluded_lines": 0}, "missing_lines": [], "excluded_lines": []}, "ModelRouter.get_model": {"executed_lines": [169], "summary": {"covered_lines": 1, "num_statements": 1, "percent_covered": 100.0, "percent_covered_display": "100", "missing_lines": 0, "excluded_lines": 0}, "missing_lines": [], "excluded_lines": []}, "ModelRouter.get_routing_stats": {"executed_lines": [173, 174, 175, 177], "summary": {"covered_lines": 4, "num_statements": 4, "percent_covered": 100.0, "percent_covered_display": "100", "missing_lines": 0, "excluded_lines": 0}, "missing_lines": [], "excluded_lines": []}, "": {"executed_lines": [1, 3, 4, 5, 8, 9, 11, 14, 15, 18, 23, 24, 33, 84, 121, 167, 171], "summary": {"covered_lines": 14, "num_statements": 14, "percent_covered": 100.0, "percent_covered_display": "100", "missing_lines": 0, "excluded_lines": 0}, "missing_lines": [], "excluded_lines": []}}, "classes": {"TaskComplexity": {"executed_lines": [], "summary": {"covered_lines": 0, "num_statements": 0, "percent_covered": 100.0, "percent_covered_display": "100", "missing_lines": 0, "excluded_lines": 0}, "missing_lines": [], "excluded_lines": []}, "ModelRouter": {"executed_lines": [34, 37, 58, 66, 72, 135, 138, 141, 142, 147, 150, 153, 154, 157, 158, 161, 162, 163, 165, 169, 173, 174, 175, 177], "summary": {"covered_lines": 24, "num_statements": 28, "percent_covered": 85.71428571428571, "percent_covered_display": "86", "missing_lines": 4, "excluded_lines": 0}, "missing_lines": [98, 100, 113, 119], "excluded_lines": []}, "": {"executed_lines": [1, 3, 4, 5, 8, 9, 11, 14, 15, 18, 23, 24, 33, 84, 121, 167, 171], "summary": {"covered_lines": 14, "num_statements": 14, "percent_covered": 100.0, "percent_covered_display": "100", "missing_lines": 0, "excluded_lines": 0}, "missing_lines": [], "excluded_lines": []}}}, "src/lionagi_qe/core/task.py": {"executed_lines": [1, 3, 4, 5, 8, 9, 11, 12, 13, 16, 19, 22, 25, 26, 27, 28, 30, 32, 33, 35, 37, 38, 39, 41, 43, 44, 45], "summary": {"covered_lines": 25, "num_statements": 25, "percent_covered": 100.0, "percent_covered_display": "100", "missing_lines": 0, "excluded_lines": 0}, "missing_lines": [], "excluded_lines": [], "functions": {"QETask.mark_in_progress": {"executed_lines": [32, 33], "summary": {"covered_lines": 2, "num_statements": 2, "percent_covered": 100.0, "percent_covered_display": "100", "missing_lines": 0, "excluded_lines": 0}, "missing_lines": [], "excluded_lines": []}, "QETask.mark_completed": {"executed_lines": [37, 38, 39], "summary": {"covered_lines": 3, "num_statements": 3, "percent_covered": 100.0, "percent_covered_display": "100", "missing_lines": 0, "excluded_lines": 0}, "missing_lines": [], "excluded_lines": []}, "QETask.mark_failed": {"executed_lines": [43, 44, 45], "summary": {"covered_lines": 3, "num_statements": 3, "percent_covered": 100.0, "percent_covered_display": "100", "missing_lines": 0, "excluded_lines": 0}, "missing_lines": [], "excluded_lines": []}, "": {"executed_lines": [1, 3, 4, 5, 8, 9, 11, 12, 13, 16, 19, 22, 25, 26, 27, 28, 30, 35, 41], "summary": {"covered_lines": 17, "num_statements": 17, "percent_covered": 100.0, "percent_covered_display": "100", "missing_lines": 0, "excluded_lines": 0}, "missing_lines": [], "excluded_lines": []}}, "classes": {"QETask": {"executed_lines": [32, 33, 37, 38, 39, 43, 44, 45], "summary": {"covered_lines": 8, "num_statements": 8, "percent_covered": 100.0, "percent_covered_display": "100", "missing_lines": 0, "excluded_lines": 0}, "missing_lines": [], "excluded_lines": []}, "": {"executed_lines": [1, 3, 4, 5, 8, 9, 11, 12, 13, 16, 19, 22, 25, 26, 27, 28, 30, 35, 41], "summary": {"covered_lines": 17, "num_statements": 17, "percent_covered": 100.0, "percent_covered_display": "100", "missing_lines": 0, "excluded_lines": 0}, "missing_lines": [], "excluded_lines": []}}}, "src/lionagi_qe/mcp/__init__.py": {"executed_lines": [1, 7, 8, 19], "summary": {"covered_lines": 3, "num_statements": 3, "percent_covered": 100.0, "percent_covered_display": "100", "missing_lines": 0, "excluded_lines": 0}, "missing_lines": [], "excluded_lines": [], "functions": {"": {"executed_lines": [1, 7, 8, 19], "summary": {"covered_lines": 3, "num_statements": 3, "percent_covered": 100.0, "percent_covered_display": "100", "missing_lines": 0, "excluded_lines": 0}, "missing_lines": [], "excluded_lines": []}}, "classes": {"": {"executed_lines": [1, 7, 8, 19], "summary": {"covered_lines": 3, "num_statements": 3, "percent_covered": 100.0, "percent_covered_display": "100", "missing_lines": 0, "excluded_lines": 0}, "missing_lines": [], "excluded_lines": []}}}, "src/lionagi_qe/mcp/mcp_server.py": {"executed_lines": [1, 7, 8, 9, 10, 12, 13, 15, 16, 18, 19, 20, 21, 23, 27, 28, 29, 31, 34, 37, 38, 44, 57, 58, 59, 62, 65, 68, 71, 73, 125, 129, 157, 162, 171, 184, 199, 206, 240], "summary": {"covered_lines": 37, "num_statements": 93, "percent_covered": 39.784946236559136, "percent_covered_display": "40", "missing_lines": 56, "excluded_lines": 0}, "missing_lines": [14, 24, 25, 75, 76, 77, 79, 82, 87, 90, 93, 100, 102, 109, 111, 118, 121, 123, 130, 131, 132, 135, 136, 139, 140, 143, 144, 145, 146, 147, 148, 149, 150, 153, 155, 159, 160, 164, 166, 167, 169, 177, 209, 215, 217, 218, 221, 223, 225, 227, 228, 230, 231, 233, 241, 246], "excluded_lines": [], "functions": {"MCPServer.__init__": {"executed_lines": [57, 58, 59, 62, 65, 68, 71], "summary": {"covered_lines": 7, "num_statements": 7, "percent_covered": 100.0, "percent_covered_display": "100", "missing_lines": 0, "excluded_lines": 0}, "missing_lines": [], "excluded_lines": []}, "MCPServer.initialize_fleet": {"executed_lines": [], "summary": {"covered_lines": 0, "num_statements": 15, "percent_covered": 0.0, "percent_covered_display": "0", "missing_lines": 15, "excluded_lines": 0}, "missing_lines": [75, 76, 77, 79, 82, 87, 90, 93, 100, 102, 109, 111, 118, 121, 123], "excluded_lines": []}, "MCPServer._register_tools": {"executed_lines": [129], "summary": {"covered_lines": 1, "num_statements": 18, "percent_covered": 5.555555555555555, "percent_covered_display": "6", "missing_lines": 17, "excluded_lines": 0}, "missing_lines": [130, 131, 132, 135, 136, 139, 140, 143, 144, 145, 146, 147, 148, 149, 150, 153, 155], "excluded_lines": []}, "MCPServer.start": {"executed_lines": [], "summary": {"covered_lines": 0, "num_statements": 2, "percent_covered": 0.0, "percent_covered_display": "0", "missing_lines": 2, "excluded_lines": 0}, "missing_lines": [159, 160], "excluded_lines": []}, "MCPServer.stop": {"executed_lines": [], "summary": {"covered_lines": 0, "num_statements": 4, "percent_covered": 0.0, "percent_covered_display": "0", "missing_lines": 4, "excluded_lines": 0}, "missing_lines": [164, 166, 167, 169], "excluded_lines": []}, "MCPServer.get_server": {"executed_lines": [], "summary": {"covered_lines": 0, "num_statements": 1, "percent_covered": 0.0, "percent_covered_display": "0", "missing_lines": 1, "excluded_lines": 0}, "missing_lines": [177], "excluded_lines": []}, "create_mcp_server": {"executed_lines": [199], "summary": {"covered_lines": 1, "num_statements": 1, "percent_covered": 100.0, "percent_covered_display": "100", "missing_lines": 0, "excluded_lines": 0}, "missing_lines": [], "excluded_lines": []}, "run_mcp_server": {"executed_lines": [], "summary": {"covered_lines": 0, "num_statements": 12, "percent_covered": 0.0, "percent_covered_display": "0", "missing_lines": 12, "excluded_lines": 0}, "missing_lines": [209, 215, 217, 218, 221, 223, 225, 227, 228, 230, 231, 233], "excluded_lines": []}, "": {"executed_lines": [1, 7, 8, 9, 10, 12, 13, 15, 16, 18, 19, 20, 21, 23, 27, 28, 29, 31, 34, 37, 38, 44, 73, 125, 157, 162, 171, 184, 206, 240], "summary": {"covered_lines": 28, "num_statements": 33, "percent_covered": 84.84848484848484, "percent_covered_display": "85", "missing_lines": 5, "excluded_lines": 0}, "missing_lines": [14, 24, 25, 241, 246], "excluded_lines": []}}, "classes": {"MCPServer": {"executed_lines": [57, 58, 59, 62, 65, 68, 71, 129], "summary": {"covered_lines": 8, "num_statements": 47, "percent_covered": 17.02127659574468, "percent_covered_display": "17", "missing_lines": 39, "excluded_lines": 0}, "missing_lines": [75, 76, 77, 79, 82, 87, 90, 93, 100, 102, 109, 111, 118, 121, 123, 130, 131, 132, 135, 136, 139, 140, 143, 144, 145, 146, 147, 148, 149, 150, 153, 155, 159, 160, 164, 166, 167, 169, 177], "excluded_lines": []}, "": {"executed_lines": [1, 7, 8, 9, 10, 12, 13, 15, 16, 18, 19, 20, 21, 23, 27, 28, 29, 31, 34, 37, 38, 44, 73, 125, 157, 162, 171, 184, 199, 206, 240], "summary": {"covered_lines": 29, "num_statements": 46, "percent_covered": 63.04347826086956, "percent_covered_display": "63", "missing_lines": 17, "excluded_lines": 0}, "missing_lines": [14, 24, 25, 209, 215, 217, 218, 221, 223, 225, 227, 228, 230, 231, 233, 241, 246], "excluded_lines": []}}}, "src/lionagi_qe/mcp/mcp_tools.py": {"executed_lines": [1, 7, 8, 9, 10, 13, 14, 15, 16, 17, 18, 19, 20, 23, 24, 25, 26, 27, 28, 29, 30, 33, 34, 35, 36, 37, 38, 39, 43, 46, 49, 52, 54, 55, 63, 120, 173, 214, 260, 305, 347, 393, 404, 412, 446, 483, 520, 558, 595, 632, 669, 708], "summary": {"covered_lines": 48, "num_statements": 139, "percent_covered": 34.53237410071942, "percent_covered_display": "35", "missing_lines": 91, "excluded_lines": 0}, "missing_lines": [56, 88, 89, 91, 94, 106, 108, 145, 147, 149, 160, 162, 195, 197, 199, 209, 211, 232, 234, 236, 243, 251, 253, 285, 287, 289, 300, 302, 325, 327, 329, 338, 340, 366, 368, 370, 371, 375, 376, 377, 381, 382, 388, 390, 405, 429, 431, 433, 441, 443, 465, 467, 469, 478, 480, 502, 504, 506, 515, 517, 540, 542, 544, 553, 555, 577, 579, 581, 590, 592, 614, 616, 618, 627, 629, 651, 653, 655, 664, 666, 687, 689, 691, 699, 701, 726, 728, 729, 730, 738, 739], "excluded_lines": [], "functions": {"set_fleet_instance": {"executed_lines": [49], "summary": {"covered_lines": 1, "num_statements": 1, "percent_covered": 100.0, "percent_covered_display": "100", "missing_lines": 0, "excluded_lines": 0}, "missing_lines": [], "excluded_lines": []}, "get_fleet_instance": {"executed_lines": [54, 55], "summary": {"covered_lines": 2, "num_statements": 3, "percent_covered": 66.66666666666667, "percent_covered_display": "67", "missing_lines": 1, "excluded_lines": 0}, "missing_lines": [56], "excluded_lines": []}, "test_generate": {"executed_lines": [], "summary": {"covered_lines": 0, "num_statements": 6, "percent_covered": 0.0, "percent_covered_display": "0", "missing_lines": 6, "excluded_lines": 0}, "missing_lines": [88, 89, 91, 94, 106, 108], "excluded_lines": []}, "test_execute": {"executed_lines": [], "summary": {"covered_lines": 0, "num_statements": 5, "percent_covered": 0.0, "percent_covered_display": "0", "missing_lines": 5, "excluded_lines": 0}, "missing_lines": [145, 147, 149, 160, 162], "excluded_lines": []}, "coverage_analyze": {"executed_lines": [], "summary": {"covered_lines": 0, "num_statements": 5, "percent_covered": 0.0, "percent_covered_display": "0", "missing_lines": 5, "excluded_lines": 0}, "missing_lines": [195, 197, 199, 209, 211], "excluded_lines": []}, "quality_gate": {"executed_lines": [], "summary": {"covered_lines": 0, "num_statements": 6, "percent_covered": 0.0, "percent_covered_display": "0", "missing_lines": 6, "excluded_lines": 0}, "missing_lines": [232, 234, 236, 243, 251, 253], "excluded_lines": []}, "performance_test": {"executed_lines": [], "summary": {"covered_lines": 0, "num_statements": 5, "percent_covered": 0.0, "percent_covered_display": "0", "missing_lines": 5, "excluded_lines": 0}, "missing_lines": [285, 287, 289, 300, 302], "excluded_lines": []}, "security_scan": {"executed_lines": [], "summary": {"covered_lines": 0, "num_statements": 5, "percent_covered": 0.0, "percent_covered_display": "0", "missing_lines": 5, "excluded_lines": 0}, "missing_lines": [325, 327, 329, 338, 340], "excluded_lines": []}, "fleet_orchestrate": {"executed_lines": [], "summary": {"covered_lines": 0, "num_statements": 11, "percent_covered": 0.0, "percent_covered_display": "0", "missing_lines": 11, "excluded_lines": 0}, "missing_lines": [366, 368, 370, 371, 375, 376, 377, 381, 382, 388, 390], "excluded_lines": []}, "get_fleet_status": {"executed_lines": [404], "summary": {"covered_lines": 1, "num_statements": 2, "percent_covered": 50.0, "percent_covered_display": "50", "missing_lines": 1, "excluded_lines": 0}, "missing_lines": [405], "excluded_lines": []}, "requirements_validate": {"executed_lines": [], "summary": {"covered_lines": 0, "num_statements": 5, "percent_covered": 0.0, "percent_covered_display": "0", "missing_lines": 5, "excluded_lines": 0}, "missing_lines": [429, 431, 433, 441, 443], "excluded_lines": []}, "flaky_test_hunt": {"executed_lines": [], "summary": {"covered_lines": 0, "num_statements": 5, "percent_covered": 0.0, "percent_covered_display": "0", "missing_lines": 5, "excluded_lines": 0}, "missing_lines": [465, 467, 469, 478, 480], "excluded_lines": []}, "api_contract_validate": {"executed_lines": [], "summary": {"covered_lines": 0, "num_statements": 5, "percent_covered": 0.0, "percent_covered_display": "0", "missing_lines": 5, "excluded_lines": 0}, "missing_lines": [502, 504, 506, 515, 517], "excluded_lines": []}, "regression_risk_analyze": {"executed_lines": [], "summary": {"covered_lines": 0, "num_statements": 5, "percent_covered": 0.0, "percent_covered_display": "0", "missing_lines": 5, "excluded_lines": 0}, "missing_lines": [540, 542, 544, 553, 555], "excluded_lines": []}, "test_data_generate": {"executed_lines": [], "summary": {"covered_lines": 0, "num_statements": 5, "percent_covered": 0.0, "percent_covered_display": "0", "missing_lines": 5, "excluded_lines": 0}, "missing_lines": [577, 579, 581, 590, 592], "excluded_lines": []}, "visual_test": {"executed_lines": [], "summary": {"covered_lines": 0, "num_statements": 5, "percent_covered": 0.0, "percent_covered_display": "0", "missing_lines": 5, "excluded_lines": 0}, "missing_lines": [614, 616, 618, 627, 629], "excluded_lines": []}, "chaos_test": {"executed_lines": [], "summary": {"covered_lines": 0, "num_statements": 5, "percent_covered": 0.0, "percent_covered_display": "0", "missing_lines": 5, "excluded_lines": 0}, "missing_lines": [651, 653, 655, 664, 666], "excluded_lines": []}, "deployment_readiness": {"executed_lines": [], "summary": {"covered_lines": 0, "num_statements": 5, "percent_covered": 0.0, "percent_covered_display": "0", "missing_lines": 5, "excluded_lines": 0}, "missing_lines": [687, 689, 691, 699, 701], "excluded_lines": []}, "test_execute_stream": {"executed_lines": [], "summary": {"covered_lines": 0, "num_statements": 6, "percent_covered": 0.0, "percent_covered_display": "0", "missing_lines": 6, "excluded_lines": 0}, "missing_lines": [726, 728, 729, 730, 738, 739], "excluded_lines": []}, "": {"executed_lines": [1, 7, 8, 9, 10, 13, 14, 15, 16, 17, 18, 19, 20, 23, 24, 25, 26, 27, 28, 29, 30, 33, 34, 35, 36, 37, 38, 39, 43, 46, 52, 63, 120, 173, 214, 260, 305, 347, 393, 412, 446, 483, 520, 558, 595, 632, 669, 708], "summary": {"covered_lines": 44, "num_statements": 44, "percent_covered": 100.0, "percent_covered_display": "100", "missing_lines": 0, "excluded_lines": 0}, "missing_lines": [], "excluded_lines": []}}, "classes": {"TestFramework": {"executed_lines": [], "summary": {"covered_lines": 0, "num_statements": 0, "percent_covered": 100.0, "percent_covered_display": "100", "missing_lines": 0, "excluded_lines": 0}, "missing_lines": [], "excluded_lines": []}, "TestType": {"executed_lines": [], "summary": {"covered_lines": 0, "num_statements": 0, "percent_covered": 100.0, "percent_covered_display": "100", "missing_lines": 0, "excluded_lines": 0}, "missing_lines": [], "excluded_lines": []}, "ScanType": {"executed_lines": [], "summary": {"covered_lines": 0, "num_statements": 0, "percent_covered": 100.0, "percent_covered_display": "100", "missing_lines": 0, "excluded_lines": 0}, "missing_lines": [], "excluded_lines": []}, "": {"executed_lines": [1, 7, 8, 9, 10, 13, 14, 15, 16, 17, 18, 19, 20, 23, 24, 25, 26, 27, 28, 29, 30, 33, 34, 35, 36, 37, 38, 39, 43, 46, 49, 52, 54, 55, 63, 120, 173, 214, 260, 305, 347, 393, 404, 412, 446, 483, 520, 558, 595, 632, 669, 708], "summary": {"covered_lines": 48, "num_statements": 139, "percent_covered": 34.53237410071942, "percent_covered_display": "35", "missing_lines": 91, "excluded_lines": 0}, "missing_lines": [56, 88, 89, 91, 94, 106, 108, 145, 147, 149, 160, 162, 195, 197, 199, 209, 211, 232, 234, 236, 243, 251, 253, 285, 287, 289, 300, 302, 325, 327, 329, 338, 340, 366, 368, 370, 371, 375, 376, 377, 381, 382, 388, 390, 405, 429, 431, 433, 441, 443, 465, 467, 469, 478, 480, 502, 504, 506, 515, 517, 540, 542, 544, 553, 555, 577, 579, 581, 590, 592, 614, 616, 618, 627, 629, 651, 653, 655, 664, 666, 687, 689, 691, 699, 701, 726, 728, 729, 730, 738, 739], "excluded_lines": []}}}}, "totals": {"covered_lines": 1558, "num_statements": 1980, "percent_covered": 78.68686868686869, "percent_covered_display": "79", "missing_lines": 422, "excluded_lines": 0}}